[ 2017-02-10T02:31:28+08:00 ] ::1 /20160608--Exercise/shop/web/
INFO: [ app_init ] --START--
INFO: Run Behavior\BuildLiteBehavior [ RunTime:0.000046s ]
INFO: [ app_init ] --END-- [ RunTime:0.002358s ]
INFO: [ app_begin ] --START--
INFO: Run Behavior\ReadHtmlCacheBehavior [ RunTime:0.001481s ]
INFO: [ app_begin ] --END-- [ RunTime:0.001596s ]
SQL: SHOW COLUMNS FROM `goods` [ RunTime:0.0096s ]
SQL: SHOW COLUMNS FROM `cat` [ RunTime:0.0052s ]
SQL: SELECT `cat_id`,`cat_name`,`parent_id` FROM `cat`  [ RunTime:0.0005s ]
SQL: SELECT * FROM `goods` WHERE ( is_best = 1  ) ORDER BY goods_id desc LIMIT 0,3   [ RunTime:0.0049s ]
SQL: SELECT * FROM `goods` WHERE ( is_hot = 1 ) ORDER BY goods_id desc LIMIT 0,3   [ RunTime:0.0008s ]
SQL: SELECT * FROM `goods` WHERE ( is_new = 1 ) ORDER BY goods_id desc LIMIT 0,3   [ RunTime:0.0004s ]
NOTIC: [2] array_reverse() expects parameter 1 to be array, null given C:\wamp\www\20160608--Exercise\shop\web\Home\Controller\IndexController.class.php 第 75 行.
INFO: [ view_parse ] --START--
INFO: [ template_filter ] --START--
INFO: Run Behavior\ContentReplaceBehavior [ RunTime:0.000157s ]
INFO: [ template_filter ] --END-- [ RunTime:0.000278s ]
NOTIC: [8] Use of undefined constant lev - assumed 'lev' C:\wamp\www\20160608--Exercise\shop\web\Runtime\Cache\Home\ff3e637e987f91bebe112fc98016484d.php 第 183 行.
NOTIC: [8] Use of undefined constant parent_id - assumed 'parent_id' C:\wamp\www\20160608--Exercise\shop\web\Runtime\Cache\Home\ff3e637e987f91bebe112fc98016484d.php 第 193 行.
NOTIC: [8] Use of undefined constant cat_id - assumed 'cat_id' C:\wamp\www\20160608--Exercise\shop\web\Runtime\Cache\Home\ff3e637e987f91bebe112fc98016484d.php 第 193 行.
NOTIC: [8] Use of undefined constant parent_id - assumed 'parent_id' C:\wamp\www\20160608--Exercise\shop\web\Runtime\Cache\Home\ff3e637e987f91bebe112fc98016484d.php 第 193 行.
NOTIC: [8] Use of undefined constant cat_id - assumed 'cat_id' C:\wamp\www\20160608--Exercise\shop\web\Runtime\Cache\Home\ff3e637e987f91bebe112fc98016484d.php 第 193 行.
NOTIC: [8] Use of undefined constant cat_id - assumed 'cat_id' C:\wamp\www\20160608--Exercise\shop\web\Runtime\Cache\Home\ff3e637e987f91bebe112fc98016484d.php 第 195 行.
NOTIC: [8] Use of undefined constant parent_id - assumed 'parent_id' C:\wamp\www\20160608--Exercise\shop\web\Runtime\Cache\Home\ff3e637e987f91bebe112fc98016484d.php 第 193 行.
NOTIC: [8] Use of undefined constant cat_id - assumed 'cat_id' C:\wamp\www\20160608--Exercise\shop\web\Runtime\Cache\Home\ff3e637e987f91bebe112fc98016484d.php 第 193 行.
NOTIC: [8] Use of undefined constant cat_id - assumed 'cat_id' C:\wamp\www\20160608--Exercise\shop\web\Runtime\Cache\Home\ff3e637e987f91bebe112fc98016484d.php 第 195 行.
NOTIC: [8] Use of undefined constant parent_id - assumed 'parent_id' C:\wamp\www\20160608--Exercise\shop\web\Runtime\Cache\Home\ff3e637e987f91bebe112fc98016484d.php 第 193 行.
NOTIC: [8] Use of undefined constant cat_id - assumed 'cat_id' C:\wamp\www\20160608--Exercise\shop\web\Runtime\Cache\Home\ff3e637e987f91bebe112fc98016484d.php 第 193 行.
NOTIC: [8] Use of undefined constant cat_id - assumed 'cat_id' C:\wamp\www\20160608--Exercise\shop\web\Runtime\Cache\Home\ff3e637e987f91bebe112fc98016484d.php 第 195 行.
NOTIC: [8] Use of undefined constant parent_id - assumed 'parent_id' C:\wamp\www\20160608--Exercise\shop\web\Runtime\Cache\Home\ff3e637e987f91bebe112fc98016484d.php 第 193 行.
NOTIC: [8] Use of undefined constant cat_id - assumed 'cat_id' C:\wamp\www\20160608--Exercise\shop\web\Runtime\Cache\Home\ff3e637e987f91bebe112fc98016484d.php 第 193 行.
NOTIC: [8] Use of undefined constant cat_id - assumed 'cat_id' C:\wamp\www\20160608--Exercise\shop\web\Runtime\Cache\Home\ff3e637e987f91bebe112fc98016484d.php 第 195 行.
NOTIC: [8] Use of undefined constant parent_id - assumed 'parent_id' C:\wamp\www\20160608--Exercise\shop\web\Runtime\Cache\Home\ff3e637e987f91bebe112fc98016484d.php 第 193 行.
NOTIC: [8] Use of undefined constant cat_id - assumed 'cat_id' C:\wamp\www\20160608--Exercise\shop\web\Runtime\Cache\Home\ff3e637e987f91bebe112fc98016484d.php 第 193 行.
NOTIC: [8] Use of undefined constant parent_id - assumed 'parent_id' C:\wamp\www\20160608--Exercise\shop\web\Runtime\Cache\Home\ff3e637e987f91bebe112fc98016484d.php 第 193 行.
NOTIC: [8] Use of undefined constant cat_id - assumed 'cat_id' C:\wamp\www\20160608--Exercise\shop\web\Runtime\Cache\Home\ff3e637e987f91bebe112fc98016484d.php 第 193 行.
NOTIC: [8] Use of undefined constant parent_id - assumed 'parent_id' C:\wamp\www\20160608--Exercise\shop\web\Runtime\Cache\Home\ff3e637e987f91bebe112fc98016484d.php 第 193 行.
NOTIC: [8] Use of undefined constant cat_id - assumed 'cat_id' C:\wamp\www\20160608--Exercise\shop\web\Runtime\Cache\Home\ff3e637e987f91bebe112fc98016484d.php 第 193 行.
NOTIC: [8] Use of undefined constant parent_id - assumed 'parent_id' C:\wamp\www\20160608--Exercise\shop\web\Runtime\Cache\Home\ff3e637e987f91bebe112fc98016484d.php 第 193 行.
NOTIC: [8] Use of undefined constant cat_id - assumed 'cat_id' C:\wamp\www\20160608--Exercise\shop\web\Runtime\Cache\Home\ff3e637e987f91bebe112fc98016484d.php 第 193 行.
NOTIC: [8] Use of undefined constant parent_id - assumed 'parent_id' C:\wamp\www\20160608--Exercise\shop\web\Runtime\Cache\Home\ff3e637e987f91bebe112fc98016484d.php 第 193 行.
NOTIC: [8] Use of undefined constant cat_id - assumed 'cat_id' C:\wamp\www\20160608--Exercise\shop\web\Runtime\Cache\Home\ff3e637e987f91bebe112fc98016484d.php 第 193 行.
NOTIC: [8] Use of undefined constant parent_id - assumed 'parent_id' C:\wamp\www\20160608--Exercise\shop\web\Runtime\Cache\Home\ff3e637e987f91bebe112fc98016484d.php 第 193 行.
NOTIC: [8] Use of undefined constant cat_id - assumed 'cat_id' C:\wamp\www\20160608--Exercise\shop\web\Runtime\Cache\Home\ff3e637e987f91bebe112fc98016484d.php 第 193 行.
NOTIC: [8] Use of undefined constant parent_id - assumed 'parent_id' C:\wamp\www\20160608--Exercise\shop\web\Runtime\Cache\Home\ff3e637e987f91bebe112fc98016484d.php 第 193 行.
NOTIC: [8] Use of undefined constant cat_id - assumed 'cat_id' C:\wamp\www\20160608--Exercise\shop\web\Runtime\Cache\Home\ff3e637e987f91bebe112fc98016484d.php 第 193 行.
NOTIC: [8] Use of undefined constant parent_id - assumed 'parent_id' C:\wamp\www\20160608--Exercise\shop\web\Runtime\Cache\Home\ff3e637e987f91bebe112fc98016484d.php 第 193 行.
NOTIC: [8] Use of undefined constant cat_id - assumed 'cat_id' C:\wamp\www\20160608--Exercise\shop\web\Runtime\Cache\Home\ff3e637e987f91bebe112fc98016484d.php 第 193 行.
NOTIC: [8] Use of undefined constant parent_id - assumed 'parent_id' C:\wamp\www\20160608--Exercise\shop\web\Runtime\Cache\Home\ff3e637e987f91bebe112fc98016484d.php 第 193 行.
NOTIC: [8] Use of undefined constant cat_id - assumed 'cat_id' C:\wamp\www\20160608--Exercise\shop\web\Runtime\Cache\Home\ff3e637e987f91bebe112fc98016484d.php 第 193 行.
NOTIC: [8] Use of undefined constant lev - assumed 'lev' C:\wamp\www\20160608--Exercise\shop\web\Runtime\Cache\Home\ff3e637e987f91bebe112fc98016484d.php 第 183 行.
NOTIC: [8] Use of undefined constant lev - assumed 'lev' C:\wamp\www\20160608--Exercise\shop\web\Runtime\Cache\Home\ff3e637e987f91bebe112fc98016484d.php 第 183 行.
NOTIC: [8] Use of undefined constant lev - assumed 'lev' C:\wamp\www\20160608--Exercise\shop\web\Runtime\Cache\Home\ff3e637e987f91bebe112fc98016484d.php 第 183 行.
NOTIC: [8] Use of undefined constant lev - assumed 'lev' C:\wamp\www\20160608--Exercise\shop\web\Runtime\Cache\Home\ff3e637e987f91bebe112fc98016484d.php 第 183 行.
NOTIC: [8] Use of undefined constant lev - assumed 'lev' C:\wamp\www\20160608--Exercise\shop\web\Runtime\Cache\Home\ff3e637e987f91bebe112fc98016484d.php 第 183 行.
NOTIC: [8] Use of undefined constant parent_id - assumed 'parent_id' C:\wamp\www\20160608--Exercise\shop\web\Runtime\Cache\Home\ff3e637e987f91bebe112fc98016484d.php 第 193 行.
NOTIC: [8] Use of undefined constant cat_id - assumed 'cat_id' C:\wamp\www\20160608--Exercise\shop\web\Runtime\Cache\Home\ff3e637e987f91bebe112fc98016484d.php 第 193 行.
NOTIC: [8] Use of undefined constant parent_id - assumed 'parent_id' C:\wamp\www\20160608--Exercise\shop\web\Runtime\Cache\Home\ff3e637e987f91bebe112fc98016484d.php 第 193 行.
NOTIC: [8] Use of undefined constant cat_id - assumed 'cat_id' C:\wamp\www\20160608--Exercise\shop\web\Runtime\Cache\Home\ff3e637e987f91bebe112fc98016484d.php 第 193 行.
NOTIC: [8] Use of undefined constant parent_id - assumed 'parent_id' C:\wamp\www\20160608--Exercise\shop\web\Runtime\Cache\Home\ff3e637e987f91bebe112fc98016484d.php 第 193 行.
NOTIC: [8] Use of undefined constant cat_id - assumed 'cat_id' C:\wamp\www\20160608--Exercise\shop\web\Runtime\Cache\Home\ff3e637e987f91bebe112fc98016484d.php 第 193 行.
NOTIC: [8] Use of undefined constant parent_id - assumed 'parent_id' C:\wamp\www\20160608--Exercise\shop\web\Runtime\Cache\Home\ff3e637e987f91bebe112fc98016484d.php 第 193 行.
NOTIC: [8] Use of undefined constant cat_id - assumed 'cat_id' C:\wamp\www\20160608--Exercise\shop\web\Runtime\Cache\Home\ff3e637e987f91bebe112fc98016484d.php 第 193 行.
NOTIC: [8] Use of undefined constant parent_id - assumed 'parent_id' C:\wamp\www\20160608--Exercise\shop\web\Runtime\Cache\Home\ff3e637e987f91bebe112fc98016484d.php 第 193 行.
NOTIC: [8] Use of undefined constant cat_id - assumed 'cat_id' C:\wamp\www\20160608--Exercise\shop\web\Runtime\Cache\Home\ff3e637e987f91bebe112fc98016484d.php 第 193 行.
NOTIC: [8] Use of undefined constant parent_id - assumed 'parent_id' C:\wamp\www\20160608--Exercise\shop\web\Runtime\Cache\Home\ff3e637e987f91bebe112fc98016484d.php 第 193 行.
NOTIC: [8] Use of undefined constant cat_id - assumed 'cat_id' C:\wamp\www\20160608--Exercise\shop\web\Runtime\Cache\Home\ff3e637e987f91bebe112fc98016484d.php 第 193 行.
NOTIC: [8] Use of undefined constant parent_id - assumed 'parent_id' C:\wamp\www\20160608--Exercise\shop\web\Runtime\Cache\Home\ff3e637e987f91bebe112fc98016484d.php 第 193 行.
NOTIC: [8] Use of undefined constant cat_id - assumed 'cat_id' C:\wamp\www\20160608--Exercise\shop\web\Runtime\Cache\Home\ff3e637e987f91bebe112fc98016484d.php 第 193 行.
NOTIC: [8] Use of undefined constant cat_id - assumed 'cat_id' C:\wamp\www\20160608--Exercise\shop\web\Runtime\Cache\Home\ff3e637e987f91bebe112fc98016484d.php 第 195 行.
NOTIC: [8] Use of undefined constant parent_id - assumed 'parent_id' C:\wamp\www\20160608--Exercise\shop\web\Runtime\Cache\Home\ff3e637e987f91bebe112fc98016484d.php 第 193 行.
NOTIC: [8] Use of undefined constant cat_id - assumed 'cat_id' C:\wamp\www\20160608--Exercise\shop\web\Runtime\Cache\Home\ff3e637e987f91bebe112fc98016484d.php 第 193 行.
NOTIC: [8] Use of undefined constant cat_id - assumed 'cat_id' C:\wamp\www\20160608--Exercise\shop\web\Runtime\Cache\Home\ff3e637e987f91bebe112fc98016484d.php 第 195 行.
NOTIC: [8] Use of undefined constant parent_id - assumed 'parent_id' C:\wamp\www\20160608--Exercise\shop\web\Runtime\Cache\Home\ff3e637e987f91bebe112fc98016484d.php 第 193 行.
NOTIC: [8] Use of undefined constant cat_id - assumed 'cat_id' C:\wamp\www\20160608--Exercise\shop\web\Runtime\Cache\Home\ff3e637e987f91bebe112fc98016484d.php 第 193 行.
NOTIC: [8] Use of undefined constant cat_id - assumed 'cat_id' C:\wamp\www\20160608--Exercise\shop\web\Runtime\Cache\Home\ff3e637e987f91bebe112fc98016484d.php 第 195 行.
NOTIC: [8] Use of undefined constant parent_id - assumed 'parent_id' C:\wamp\www\20160608--Exercise\shop\web\Runtime\Cache\Home\ff3e637e987f91bebe112fc98016484d.php 第 193 行.
NOTIC: [8] Use of undefined constant cat_id - assumed 'cat_id' C:\wamp\www\20160608--Exercise\shop\web\Runtime\Cache\Home\ff3e637e987f91bebe112fc98016484d.php 第 193 行.
NOTIC: [8] Use of undefined constant cat_id - assumed 'cat_id' C:\wamp\www\20160608--Exercise\shop\web\Runtime\Cache\Home\ff3e637e987f91bebe112fc98016484d.php 第 195 行.
NOTIC: [8] Use of undefined constant parent_id - assumed 'parent_id' C:\wamp\www\20160608--Exercise\shop\web\Runtime\Cache\Home\ff3e637e987f91bebe112fc98016484d.php 第 193 行.
NOTIC: [8] Use of undefined constant cat_id - assumed 'cat_id' C:\wamp\www\20160608--Exercise\shop\web\Runtime\Cache\Home\ff3e637e987f91bebe112fc98016484d.php 第 193 行.
NOTIC: [8] Use of undefined constant parent_id - assumed 'parent_id' C:\wamp\www\20160608--Exercise\shop\web\Runtime\Cache\Home\ff3e637e987f91bebe112fc98016484d.php 第 193 行.
NOTIC: [8] Use of undefined constant cat_id - assumed 'cat_id' C:\wamp\www\20160608--Exercise\shop\web\Runtime\Cache\Home\ff3e637e987f91bebe112fc98016484d.php 第 193 行.
NOTIC: [8] Use of undefined constant parent_id - assumed 'parent_id' C:\wamp\www\20160608--Exercise\shop\web\Runtime\Cache\Home\ff3e637e987f91bebe112fc98016484d.php 第 193 行.
NOTIC: [8] Use of undefined constant cat_id - assumed 'cat_id' C:\wamp\www\20160608--Exercise\shop\web\Runtime\Cache\Home\ff3e637e987f91bebe112fc98016484d.php 第 193 行.
NOTIC: [8] Use of undefined constant parent_id - assumed 'parent_id' C:\wamp\www\20160608--Exercise\shop\web\Runtime\Cache\Home\ff3e637e987f91bebe112fc98016484d.php 第 193 行.
NOTIC: [8] Use of undefined constant cat_id - assumed 'cat_id' C:\wamp\www\20160608--Exercise\shop\web\Runtime\Cache\Home\ff3e637e987f91bebe112fc98016484d.php 第 193 行.
NOTIC: [8] Use of undefined constant lev - assumed 'lev' C:\wamp\www\20160608--Exercise\shop\web\Runtime\Cache\Home\ff3e637e987f91bebe112fc98016484d.php 第 183 行.
NOTIC: [8] Use of undefined constant lev - assumed 'lev' C:\wamp\www\20160608--Exercise\shop\web\Runtime\Cache\Home\ff3e637e987f91bebe112fc98016484d.php 第 183 行.
NOTIC: [8] Use of undefined constant lev - assumed 'lev' C:\wamp\www\20160608--Exercise\shop\web\Runtime\Cache\Home\ff3e637e987f91bebe112fc98016484d.php 第 183 行.
NOTIC: [8] Use of undefined constant lev - assumed 'lev' C:\wamp\www\20160608--Exercise\shop\web\Runtime\Cache\Home\ff3e637e987f91bebe112fc98016484d.php 第 183 行.
NOTIC: [8] Use of undefined constant lev - assumed 'lev' C:\wamp\www\20160608--Exercise\shop\web\Runtime\Cache\Home\ff3e637e987f91bebe112fc98016484d.php 第 183 行.
NOTIC: [8] Use of undefined constant parent_id - assumed 'parent_id' C:\wamp\www\20160608--Exercise\shop\web\Runtime\Cache\Home\ff3e637e987f91bebe112fc98016484d.php 第 193 行.
NOTIC: [8] Use of undefined constant cat_id - assumed 'cat_id' C:\wamp\www\20160608--Exercise\shop\web\Runtime\Cache\Home\ff3e637e987f91bebe112fc98016484d.php 第 193 行.
NOTIC: [8] Use of undefined constant parent_id - assumed 'parent_id' C:\wamp\www\20160608--Exercise\shop\web\Runtime\Cache\Home\ff3e637e987f91bebe112fc98016484d.php 第 193 行.
NOTIC: [8] Use of undefined constant cat_id - assumed 'cat_id' C:\wamp\www\20160608--Exercise\shop\web\Runtime\Cache\Home\ff3e637e987f91bebe112fc98016484d.php 第 193 行.
NOTIC: [8] Use of undefined constant parent_id - assumed 'parent_id' C:\wamp\www\20160608--Exercise\shop\web\Runtime\Cache\Home\ff3e637e987f91bebe112fc98016484d.php 第 193 行.
NOTIC: [8] Use of undefined constant cat_id - assumed 'cat_id' C:\wamp\www\20160608--Exercise\shop\web\Runtime\Cache\Home\ff3e637e987f91bebe112fc98016484d.php 第 193 行.
NOTIC: [8] Use of undefined constant parent_id - assumed 'parent_id' C:\wamp\www\20160608--Exercise\shop\web\Runtime\Cache\Home\ff3e637e987f91bebe112fc98016484d.php 第 193 行.
NOTIC: [8] Use of undefined constant cat_id - assumed 'cat_id' C:\wamp\www\20160608--Exercise\shop\web\Runtime\Cache\Home\ff3e637e987f91bebe112fc98016484d.php 第 193 行.
NOTIC: [8] Use of undefined constant parent_id - assumed 'parent_id' C:\wamp\www\20160608--Exercise\shop\web\Runtime\Cache\Home\ff3e637e987f91bebe112fc98016484d.php 第 193 行.
NOTIC: [8] Use of undefined constant cat_id - assumed 'cat_id' C:\wamp\www\20160608--Exercise\shop\web\Runtime\Cache\Home\ff3e637e987f91bebe112fc98016484d.php 第 193 行.
NOTIC: [8] Use of undefined constant parent_id - assumed 'parent_id' C:\wamp\www\20160608--Exercise\shop\web\Runtime\Cache\Home\ff3e637e987f91bebe112fc98016484d.php 第 193 行.
NOTIC: [8] Use of undefined constant cat_id - assumed 'cat_id' C:\wamp\www\20160608--Exercise\shop\web\Runtime\Cache\Home\ff3e637e987f91bebe112fc98016484d.php 第 193 行.
NOTIC: [8] Use of undefined constant parent_id - assumed 'parent_id' C:\wamp\www\20160608--Exercise\shop\web\Runtime\Cache\Home\ff3e637e987f91bebe112fc98016484d.php 第 193 行.
NOTIC: [8] Use of undefined constant cat_id - assumed 'cat_id' C:\wamp\www\20160608--Exercise\shop\web\Runtime\Cache\Home\ff3e637e987f91bebe112fc98016484d.php 第 193 行.
NOTIC: [8] Use of undefined constant parent_id - assumed 'parent_id' C:\wamp\www\20160608--Exercise\shop\web\Runtime\Cache\Home\ff3e637e987f91bebe112fc98016484d.php 第 193 行.
NOTIC: [8] Use of undefined constant cat_id - assumed 'cat_id' C:\wamp\www\20160608--Exercise\shop\web\Runtime\Cache\Home\ff3e637e987f91bebe112fc98016484d.php 第 193 行.
NOTIC: [8] Use of undefined constant parent_id - assumed 'parent_id' C:\wamp\www\20160608--Exercise\shop\web\Runtime\Cache\Home\ff3e637e987f91bebe112fc98016484d.php 第 193 行.
NOTIC: [8] Use of undefined constant cat_id - assumed 'cat_id' C:\wamp\www\20160608--Exercise\shop\web\Runtime\Cache\Home\ff3e637e987f91bebe112fc98016484d.php 第 193 行.
NOTIC: [8] Use of undefined constant parent_id - assumed 'parent_id' C:\wamp\www\20160608--Exercise\shop\web\Runtime\Cache\Home\ff3e637e987f91bebe112fc98016484d.php 第 193 行.
NOTIC: [8] Use of undefined constant cat_id - assumed 'cat_id' C:\wamp\www\20160608--Exercise\shop\web\Runtime\Cache\Home\ff3e637e987f91bebe112fc98016484d.php 第 193 行.
NOTIC: [8] Use of undefined constant parent_id - assumed 'parent_id' C:\wamp\www\20160608--Exercise\shop\web\Runtime\Cache\Home\ff3e637e987f91bebe112fc98016484d.php 第 193 行.
NOTIC: [8] Use of undefined constant cat_id - assumed 'cat_id' C:\wamp\www\20160608--Exercise\shop\web\Runtime\Cache\Home\ff3e637e987f91bebe112fc98016484d.php 第 193 行.
NOTIC: [8] Use of undefined constant parent_id - assumed 'parent_id' C:\wamp\www\20160608--Exercise\shop\web\Runtime\Cache\Home\ff3e637e987f91bebe112fc98016484d.php 第 193 行.
NOTIC: [8] Use of undefined constant cat_id - assumed 'cat_id' C:\wamp\www\20160608--Exercise\shop\web\Runtime\Cache\Home\ff3e637e987f91bebe112fc98016484d.php 第 193 行.
NOTIC: [8] Use of undefined constant cat_id - assumed 'cat_id' C:\wamp\www\20160608--Exercise\shop\web\Runtime\Cache\Home\ff3e637e987f91bebe112fc98016484d.php 第 195 行.
NOTIC: [8] Use of undefined constant parent_id - assumed 'parent_id' C:\wamp\www\20160608--Exercise\shop\web\Runtime\Cache\Home\ff3e637e987f91bebe112fc98016484d.php 第 193 行.
NOTIC: [8] Use of undefined constant cat_id - assumed 'cat_id' C:\wamp\www\20160608--Exercise\shop\web\Runtime\Cache\Home\ff3e637e987f91bebe112fc98016484d.php 第 193 行.
NOTIC: [8] Use of undefined constant cat_id - assumed 'cat_id' C:\wamp\www\20160608--Exercise\shop\web\Runtime\Cache\Home\ff3e637e987f91bebe112fc98016484d.php 第 195 行.
NOTIC: [8] Use of undefined constant parent_id - assumed 'parent_id' C:\wamp\www\20160608--Exercise\shop\web\Runtime\Cache\Home\ff3e637e987f91bebe112fc98016484d.php 第 193 行.
NOTIC: [8] Use of undefined constant cat_id - assumed 'cat_id' C:\wamp\www\20160608--Exercise\shop\web\Runtime\Cache\Home\ff3e637e987f91bebe112fc98016484d.php 第 193 行.
NOTIC: [8] Use of undefined constant cat_id - assumed 'cat_id' C:\wamp\www\20160608--Exercise\shop\web\Runtime\Cache\Home\ff3e637e987f91bebe112fc98016484d.php 第 195 行.
NOTIC: [8] Use of undefined constant lev - assumed 'lev' C:\wamp\www\20160608--Exercise\shop\web\Runtime\Cache\Home\ff3e637e987f91bebe112fc98016484d.php 第 183 行.
NOTIC: [8] Use of undefined constant lev - assumed 'lev' C:\wamp\www\20160608--Exercise\shop\web\Runtime\Cache\Home\ff3e637e987f91bebe112fc98016484d.php 第 183 行.
NOTIC: [8] Use of undefined constant lev - assumed 'lev' C:\wamp\www\20160608--Exercise\shop\web\Runtime\Cache\Home\ff3e637e987f91bebe112fc98016484d.php 第 183 行.
NOTIC: [8] Use of undefined constant goods_id - assumed 'goods_id' C:\wamp\www\20160608--Exercise\shop\web\Runtime\Cache\Home\ff3e637e987f91bebe112fc98016484d.php 第 296 行.
NOTIC: [8] Use of undefined constant goods_id - assumed 'goods_id' C:\wamp\www\20160608--Exercise\shop\web\Runtime\Cache\Home\ff3e637e987f91bebe112fc98016484d.php 第 300 行.
NOTIC: [8] Use of undefined constant goods_id - assumed 'goods_id' C:\wamp\www\20160608--Exercise\shop\web\Runtime\Cache\Home\ff3e637e987f91bebe112fc98016484d.php 第 296 行.
NOTIC: [8] Use of undefined constant goods_id - assumed 'goods_id' C:\wamp\www\20160608--Exercise\shop\web\Runtime\Cache\Home\ff3e637e987f91bebe112fc98016484d.php 第 300 行.
NOTIC: [8] Use of undefined constant goods_id - assumed 'goods_id' C:\wamp\www\20160608--Exercise\shop\web\Runtime\Cache\Home\ff3e637e987f91bebe112fc98016484d.php 第 296 行.
NOTIC: [8] Use of undefined constant goods_id - assumed 'goods_id' C:\wamp\www\20160608--Exercise\shop\web\Runtime\Cache\Home\ff3e637e987f91bebe112fc98016484d.php 第 300 行.
NOTIC: [8] Use of undefined constant goods_id - assumed 'goods_id' C:\wamp\www\20160608--Exercise\shop\web\Runtime\Cache\Home\ff3e637e987f91bebe112fc98016484d.php 第 324 行.
NOTIC: [8] Use of undefined constant goods_id - assumed 'goods_id' C:\wamp\www\20160608--Exercise\shop\web\Runtime\Cache\Home\ff3e637e987f91bebe112fc98016484d.php 第 328 行.
NOTIC: [8] Use of undefined constant goods_id - assumed 'goods_id' C:\wamp\www\20160608--Exercise\shop\web\Runtime\Cache\Home\ff3e637e987f91bebe112fc98016484d.php 第 324 行.
NOTIC: [8] Use of undefined constant goods_id - assumed 'goods_id' C:\wamp\www\20160608--Exercise\shop\web\Runtime\Cache\Home\ff3e637e987f91bebe112fc98016484d.php 第 328 行.
NOTIC: [8] Use of undefined constant goods_id - assumed 'goods_id' C:\wamp\www\20160608--Exercise\shop\web\Runtime\Cache\Home\ff3e637e987f91bebe112fc98016484d.php 第 324 行.
NOTIC: [8] Use of undefined constant goods_id - assumed 'goods_id' C:\wamp\www\20160608--Exercise\shop\web\Runtime\Cache\Home\ff3e637e987f91bebe112fc98016484d.php 第 328 行.
NOTIC: [8] Use of undefined constant goods_id - assumed 'goods_id' C:\wamp\www\20160608--Exercise\shop\web\Runtime\Cache\Home\ff3e637e987f91bebe112fc98016484d.php 第 352 行.
NOTIC: [8] Use of undefined constant goods_id - assumed 'goods_id' C:\wamp\www\20160608--Exercise\shop\web\Runtime\Cache\Home\ff3e637e987f91bebe112fc98016484d.php 第 356 行.
NOTIC: [8] Use of undefined constant goods_id - assumed 'goods_id' C:\wamp\www\20160608--Exercise\shop\web\Runtime\Cache\Home\ff3e637e987f91bebe112fc98016484d.php 第 352 行.
NOTIC: [8] Use of undefined constant goods_id - assumed 'goods_id' C:\wamp\www\20160608--Exercise\shop\web\Runtime\Cache\Home\ff3e637e987f91bebe112fc98016484d.php 第 356 行.
NOTIC: [8] Use of undefined constant goods_id - assumed 'goods_id' C:\wamp\www\20160608--Exercise\shop\web\Runtime\Cache\Home\ff3e637e987f91bebe112fc98016484d.php 第 352 行.
NOTIC: [8] Use of undefined constant goods_id - assumed 'goods_id' C:\wamp\www\20160608--Exercise\shop\web\Runtime\Cache\Home\ff3e637e987f91bebe112fc98016484d.php 第 356 行.
INFO: Run Behavior\ParseTemplateBehavior [ RunTime:0.035608s ]
INFO: [ view_parse ] --END-- [ RunTime:0.035724s ]
INFO: [ view_filter ] --START--
INFO: Run Behavior\WriteHtmlCacheBehavior [ RunTime:0.001719s ]
INFO: [ view_filter ] --END-- [ RunTime:0.001831s ]
INFO: [ app_end ] --START--
INFO: Run Behavior\ShowPageTraceBehavior [ RunTime:0.001504s ]
INFO: [ app_end ] --END-- [ RunTime:0.001631s ]

[ 2017-02-10T02:31:33+08:00 ] ::1 /20160608--Exercise/shop/web/Home/Index/goods/goods_id/30.html
INFO: [ app_init ] --START--
INFO: Run Behavior\BuildLiteBehavior [ RunTime:0.000025s ]
INFO: [ app_init ] --END-- [ RunTime:0.000599s ]
INFO: [ app_begin ] --START--
INFO: Run Behavior\ReadHtmlCacheBehavior [ RunTime:0.000885s ]
INFO: [ app_begin ] --END-- [ RunTime:0.000995s ]
SQL: SHOW COLUMNS FROM `goods` [ RunTime:0.0027s ]
SQL: SHOW COLUMNS FROM `cat` [ RunTime:0.0014s ]
SQL: SELECT `cat_id`,`cat_name`,`parent_id` FROM `cat`  [ RunTime:0.0004s ]
SQL: SELECT * FROM `goods` WHERE `goods_id` = 30 LIMIT 1   [ RunTime:0.0006s ]
SQL: SHOW COLUMNS FROM `comment` [ RunTime:0.0050s ]
SQL: SELECT * FROM `comment` WHERE ( 1=1 AND goods_id='30' )  [ RunTime:0.0026s ]
INFO: [ view_parse ] --START--
INFO: [ template_filter ] --START--
INFO: Run Behavior\ContentReplaceBehavior [ RunTime:0.000286s ]
INFO: [ template_filter ] --END-- [ RunTime:0.000526s ]
NOTIC: [8] Use of undefined constant goods_id - assumed 'goods_id' C:\wamp\www\20160608--Exercise\shop\web\Runtime\Cache\Home\518137b4befecdfdb9cb4901e67e7a5f.php 第 213 行.
NOTIC: [8] Use of undefined constant pubtime - assumed 'pubtime' C:\wamp\www\20160608--Exercise\shop\web\Runtime\Cache\Home\518137b4befecdfdb9cb4901e67e7a5f.php 第 307 行.
NOTIC: [8] Use of undefined constant pubtime - assumed 'pubtime' C:\wamp\www\20160608--Exercise\shop\web\Runtime\Cache\Home\518137b4befecdfdb9cb4901e67e7a5f.php 第 307 行.
NOTIC: [8] Use of undefined constant pubtime - assumed 'pubtime' C:\wamp\www\20160608--Exercise\shop\web\Runtime\Cache\Home\518137b4befecdfdb9cb4901e67e7a5f.php 第 307 行.
INFO: Run Behavior\ParseTemplateBehavior [ RunTime:0.018304s ]
INFO: [ view_parse ] --END-- [ RunTime:0.018416s ]
INFO: [ view_filter ] --START--
INFO: Run Behavior\WriteHtmlCacheBehavior [ RunTime:0.000733s ]
INFO: [ view_filter ] --END-- [ RunTime:0.000830s ]
INFO: [ app_end ] --START--
INFO: Run Behavior\ShowPageTraceBehavior [ RunTime:0.001053s ]
INFO: [ app_end ] --END-- [ RunTime:0.001165s ]

[ 2017-02-10T02:31:33+08:00 ] ::1 /20160608--Exercise/shop/web/Home/Index/goods/goods_id/animated_favicon.gif
INFO: [ app_init ] --START--
INFO: Run Behavior\BuildLiteBehavior [ RunTime:0.000050s ]
INFO: [ app_init ] --END-- [ RunTime:0.000996s ]

[ 2017-02-10T02:31:33+08:00 ] ::1 /20160608--Exercise/shop/web/Home/Index/goods/goods_id/favicon.ico
INFO: [ app_init ] --START--
INFO: Run Behavior\BuildLiteBehavior [ RunTime:0.000027s ]
INFO: [ app_init ] --END-- [ RunTime:0.000731s ]

[ 2017-02-10T13:30:30+08:00 ] ::1 /20160608--Exercise/shop/web/Home/Index/goods/goods_id/animated_favicon.gif
INFO: [ app_init ] --START--
INFO: Run Behavior\BuildLiteBehavior [ RunTime:0.000044s ]
INFO: [ app_init ] --END-- [ RunTime:0.007371s ]

[ 2017-02-10T13:30:30+08:00 ] ::1 /20160608--Exercise/shop/web/Home/Index/goods/goods_id/favicon.ico
INFO: [ app_init ] --START--
INFO: Run Behavior\BuildLiteBehavior [ RunTime:0.000037s ]
INFO: [ app_init ] --END-- [ RunTime:0.000805s ]

