[ 2016-12-14T13:19:56+08:00 ] ::1 /20160608--Exercise/shop/web/Public/Home/images/basetb.jpg
INFO: [ app_init ] --START--
INFO: Run Behavior\BuildLiteBehavior [ RunTime:0.000120s ]
INFO: [ app_init ] --END-- [ RunTime:0.002050s ]

[ 2016-12-14T13:19:58+08:00 ] ::1 /20160608--Exercise/shop/web/Public/Home/images/basetb.jpg
INFO: [ app_init ] --START--
INFO: Run Behavior\BuildLiteBehavior [ RunTime:0.000086s ]
INFO: [ app_init ] --END-- [ RunTime:0.001416s ]

[ 2016-12-14T13:44:53+08:00 ] ::1 /20160608--Exercise/shop/web/Public/Home/images/basetb.jpg
INFO: [ app_init ] --START--
INFO: Run Behavior\BuildLiteBehavior [ RunTime:0.000045s ]
INFO: [ app_init ] --END-- [ RunTime:0.001137s ]

[ 2016-12-14T13:49:45+08:00 ] ::1 /20160608--Exercise/shop/web/Public/Home/images/basetb.jpg
INFO: [ app_init ] --START--
INFO: Run Behavior\BuildLiteBehavior [ RunTime:0.000041s ]
INFO: [ app_init ] --END-- [ RunTime:0.001013s ]

[ 2016-12-14T13:49:51+08:00 ] ::1 /20160608--Exercise/shop/web/Public/Home/images/basetb.jpg
INFO: [ app_init ] --START--
INFO: Run Behavior\BuildLiteBehavior [ RunTime:0.000053s ]
INFO: [ app_init ] --END-- [ RunTime:0.001202s ]

[ 2016-12-14T13:50:06+08:00 ] ::1 /20160608--Exercise/shop/web/Public/Home/images/basetb.jpg
INFO: [ app_init ] --START--
INFO: Run Behavior\BuildLiteBehavior [ RunTime:0.000040s ]
INFO: [ app_init ] --END-- [ RunTime:0.001096s ]

[ 2016-12-14T13:50:13+08:00 ] ::1 /20160608--Exercise/shop/web/Public/Home/images/basetb.jpg
INFO: [ app_init ] --START--
INFO: Run Behavior\BuildLiteBehavior [ RunTime:0.000043s ]
INFO: [ app_init ] --END-- [ RunTime:0.000957s ]

[ 2016-12-14T13:56:06+08:00 ] ::1 /20160608--Exercise/shop/web/Public/Home/images/basetb.jpg
INFO: [ app_init ] --START--
INFO: Run Behavior\BuildLiteBehavior [ RunTime:0.000049s ]
INFO: [ app_init ] --END-- [ RunTime:0.001376s ]

[ 2016-12-14T13:56:07+08:00 ] ::1 /20160608--Exercise/shop/web/Public/Home/images/basetb.jpg
INFO: [ app_init ] --START--
INFO: Run Behavior\BuildLiteBehavior [ RunTime:0.000041s ]
INFO: [ app_init ] --END-- [ RunTime:0.000904s ]

[ 2016-12-14T14:00:53+08:00 ] ::1 /20160608--Exercise/shop/web/Public/Home/images/basetb.jpg
INFO: [ app_init ] --START--
INFO: Run Behavior\BuildLiteBehavior [ RunTime:0.000042s ]
INFO: [ app_init ] --END-- [ RunTime:0.000890s ]

[ 2016-12-14T14:00:56+08:00 ] ::1 /20160608--Exercise/shop/web/Public/Home/images/basetb.jpg
INFO: [ app_init ] --START--
INFO: Run Behavior\BuildLiteBehavior [ RunTime:0.000046s ]
INFO: [ app_init ] --END-- [ RunTime:0.001126s ]

[ 2016-12-14T14:00:58+08:00 ] ::1 /20160608--Exercise/shop/web/Public/Home/images/basetb.jpg
INFO: [ app_init ] --START--
INFO: Run Behavior\BuildLiteBehavior [ RunTime:0.000045s ]
INFO: [ app_init ] --END-- [ RunTime:0.001077s ]

[ 2016-12-14T14:01:08+08:00 ] ::1 /20160608--Exercise/shop/web/Public/Home/images/basetb.jpg
INFO: [ app_init ] --START--
INFO: Run Behavior\BuildLiteBehavior [ RunTime:0.000041s ]
INFO: [ app_init ] --END-- [ RunTime:0.000968s ]

[ 2016-12-14T14:05:51+08:00 ] ::1 /20160608--Exercise/shop/web/Public/Home/images/basetb.jpg
INFO: [ app_init ] --START--
INFO: Run Behavior\BuildLiteBehavior [ RunTime:0.000248s ]
INFO: [ app_init ] --END-- [ RunTime:0.002182s ]

[ 2016-12-14T14:06:50+08:00 ] ::1 /20160608--Exercise/shop/web/Public/Home/images/basetb.jpg
INFO: [ app_init ] --START--
INFO: Run Behavior\BuildLiteBehavior [ RunTime:0.000045s ]
INFO: [ app_init ] --END-- [ RunTime:0.001022s ]

[ 2016-12-14T14:06:59+08:00 ] ::1 /20160608--Exercise/shop/web/Public/Home/images/detail_r.gif
INFO: [ app_init ] --START--
INFO: Run Behavior\BuildLiteBehavior [ RunTime:0.000046s ]
INFO: [ app_init ] --END-- [ RunTime:0.000968s ]

[ 2016-12-14T14:06:59+08:00 ] ::1 /20160608--Exercise/shop/web/Public/Home/images/basetb.jpg
INFO: [ app_init ] --START--
INFO: Run Behavior\BuildLiteBehavior [ RunTime:0.000044s ]
INFO: [ app_init ] --END-- [ RunTime:0.001020s ]

[ 2016-12-14T14:07:23+08:00 ] ::1 /20160608--Exercise/shop/web/Public/Home/images/basetb.jpg
INFO: [ app_init ] --START--
INFO: Run Behavior\BuildLiteBehavior [ RunTime:0.000058s ]
INFO: [ app_init ] --END-- [ RunTime:0.000957s ]

[ 2016-12-14T14:07:44+08:00 ] ::1 /20160608--Exercise/shop/web/Public/Home/images/basetb.jpg
INFO: [ app_init ] --START--
INFO: Run Behavior\BuildLiteBehavior [ RunTime:0.000042s ]
INFO: [ app_init ] --END-- [ RunTime:0.001000s ]

[ 2016-12-14T14:07:48+08:00 ] ::1 /20160608--Exercise/shop/web/Public/Home/images/basetb.jpg
INFO: [ app_init ] --START--
INFO: Run Behavior\BuildLiteBehavior [ RunTime:0.000042s ]
INFO: [ app_init ] --END-- [ RunTime:0.001022s ]

[ 2016-12-14T14:07:50+08:00 ] ::1 /20160608--Exercise/shop/web/Public/Home/images/detail_r.gif
INFO: [ app_init ] --START--
INFO: Run Behavior\BuildLiteBehavior [ RunTime:0.000045s ]
INFO: [ app_init ] --END-- [ RunTime:0.000946s ]

[ 2016-12-14T14:07:50+08:00 ] ::1 /20160608--Exercise/shop/web/Public/Home/images/basetb.jpg
INFO: [ app_init ] --START--
INFO: Run Behavior\BuildLiteBehavior [ RunTime:0.000046s ]
INFO: [ app_init ] --END-- [ RunTime:0.001187s ]

[ 2016-12-14T14:07:54+08:00 ] ::1 /20160608--Exercise/shop/web/Public/Home/images/basetb.jpg
INFO: [ app_init ] --START--
INFO: Run Behavior\BuildLiteBehavior [ RunTime:0.000043s ]
INFO: [ app_init ] --END-- [ RunTime:0.000985s ]

[ 2016-12-14T14:07:58+08:00 ] ::1 /20160608--Exercise/shop/web/Public/Home/images/basetb.jpg
INFO: [ app_init ] --START--
INFO: Run Behavior\BuildLiteBehavior [ RunTime:0.000043s ]
INFO: [ app_init ] --END-- [ RunTime:0.001001s ]

[ 2016-12-14T14:12:39+08:00 ] ::1 /20160608--Exercise/shop/web/Public/Home/images/basetb.jpg
INFO: [ app_init ] --START--
INFO: Run Behavior\BuildLiteBehavior [ RunTime:0.000043s ]
INFO: [ app_init ] --END-- [ RunTime:0.001033s ]

[ 2016-12-14T14:13:08+08:00 ] ::1 /20160608--Exercise/shop/web/Public/Home/images/basetb.jpg
INFO: [ app_init ] --START--
INFO: Run Behavior\BuildLiteBehavior [ RunTime:0.000045s ]
INFO: [ app_init ] --END-- [ RunTime:0.001287s ]

[ 2016-12-14T14:13:11+08:00 ] ::1 /20160608--Exercise/shop/web/Public/Home/images/basetb.jpg
INFO: [ app_init ] --START--
INFO: Run Behavior\BuildLiteBehavior [ RunTime:0.000042s ]
INFO: [ app_init ] --END-- [ RunTime:0.000937s ]

[ 2016-12-14T14:13:13+08:00 ] ::1 /20160608--Exercise/shop/web/Public/Home/images/basetb.jpg
INFO: [ app_init ] --START--
INFO: Run Behavior\BuildLiteBehavior [ RunTime:0.000046s ]
INFO: [ app_init ] --END-- [ RunTime:0.001060s ]

[ 2016-12-14T14:13:15+08:00 ] ::1 /20160608--Exercise/shop/web/Public/Home/images/basetb.jpg
INFO: [ app_init ] --START--
INFO: Run Behavior\BuildLiteBehavior [ RunTime:0.000038s ]
INFO: [ app_init ] --END-- [ RunTime:0.000893s ]

[ 2016-12-14T14:13:17+08:00 ] ::1 /20160608--Exercise/shop/web/Public/Home/images/basetb.jpg
INFO: [ app_init ] --START--
INFO: Run Behavior\BuildLiteBehavior [ RunTime:0.000046s ]
INFO: [ app_init ] --END-- [ RunTime:0.001050s ]

[ 2016-12-14T14:13:18+08:00 ] ::1 /20160608--Exercise/shop/web/Public/Home/images/basetb.jpg
INFO: [ app_init ] --START--
INFO: Run Behavior\BuildLiteBehavior [ RunTime:0.000048s ]
INFO: [ app_init ] --END-- [ RunTime:0.001100s ]

[ 2016-12-14T14:13:20+08:00 ] ::1 /20160608--Exercise/shop/web/Public/Home/images/basetb.jpg
INFO: [ app_init ] --START--
INFO: Run Behavior\BuildLiteBehavior [ RunTime:0.000047s ]
INFO: [ app_init ] --END-- [ RunTime:0.001010s ]

[ 2016-12-14T14:13:22+08:00 ] ::1 /20160608--Exercise/shop/web/Public/Home/images/basetb.jpg
INFO: [ app_init ] --START--
INFO: Run Behavior\BuildLiteBehavior [ RunTime:0.000042s ]
INFO: [ app_init ] --END-- [ RunTime:0.000954s ]

[ 2016-12-14T14:13:24+08:00 ] ::1 /20160608--Exercise/shop/web/Public/Home/images/basetb.jpg
INFO: [ app_init ] --START--
INFO: Run Behavior\BuildLiteBehavior [ RunTime:0.000049s ]
INFO: [ app_init ] --END-- [ RunTime:0.001056s ]

[ 2016-12-14T14:13:30+08:00 ] ::1 /20160608--Exercise/shop/web/Public/Home/images/basetb.jpg
INFO: [ app_init ] --START--
INFO: Run Behavior\BuildLiteBehavior [ RunTime:0.000046s ]
INFO: [ app_init ] --END-- [ RunTime:0.001001s ]

[ 2016-12-14T14:13:31+08:00 ] ::1 /20160608--Exercise/shop/web/Public/Home/images/basetb.jpg
INFO: [ app_init ] --START--
INFO: Run Behavior\BuildLiteBehavior [ RunTime:0.000042s ]
INFO: [ app_init ] --END-- [ RunTime:0.000960s ]

[ 2016-12-14T14:13:33+08:00 ] ::1 /20160608--Exercise/shop/web/Public/Home/images/basetb.jpg
INFO: [ app_init ] --START--
INFO: Run Behavior\BuildLiteBehavior [ RunTime:0.000042s ]
INFO: [ app_init ] --END-- [ RunTime:0.000925s ]

[ 2016-12-14T14:16:34+08:00 ] ::1 /20160608--Exercise/shop/web/Public/Home/images/basetb.jpg
INFO: [ app_init ] --START--
INFO: Run Behavior\BuildLiteBehavior [ RunTime:0.000053s ]
INFO: [ app_init ] --END-- [ RunTime:0.001286s ]

[ 2016-12-14T14:17:40+08:00 ] ::1 /20160608--Exercise/shop/web/Public/Home/images/basetb.jpg
INFO: [ app_init ] --START--
INFO: Run Behavior\BuildLiteBehavior [ RunTime:0.000048s ]
INFO: [ app_init ] --END-- [ RunTime:0.001275s ]

[ 2016-12-14T14:23:29+08:00 ] ::1 /20160608--Exercise/shop/web/Public/Home/images/basetb.jpg
INFO: [ app_init ] --START--
INFO: Run Behavior\BuildLiteBehavior [ RunTime:0.000043s ]
INFO: [ app_init ] --END-- [ RunTime:0.000923s ]

[ 2016-12-14T14:23:34+08:00 ] ::1 /20160608--Exercise/shop/web/Public/Home/images/basetb.jpg
INFO: [ app_init ] --START--
INFO: Run Behavior\BuildLiteBehavior [ RunTime:0.000043s ]
INFO: [ app_init ] --END-- [ RunTime:0.001263s ]

[ 2016-12-14T14:23:36+08:00 ] ::1 /20160608--Exercise/shop/web/Public/Home/images/basetb.jpg
INFO: [ app_init ] --START--
INFO: Run Behavior\BuildLiteBehavior [ RunTime:0.000043s ]
INFO: [ app_init ] --END-- [ RunTime:0.001271s ]

[ 2016-12-14T14:23:38+08:00 ] ::1 /20160608--Exercise/shop/web/Public/Home/images/basetb.jpg
INFO: [ app_init ] --START--
INFO: Run Behavior\BuildLiteBehavior [ RunTime:0.000048s ]
INFO: [ app_init ] --END-- [ RunTime:0.001748s ]

[ 2016-12-14T14:23:41+08:00 ] ::1 /20160608--Exercise/shop/web/Public/Home/images/basetb.jpg
INFO: [ app_init ] --START--
INFO: Run Behavior\BuildLiteBehavior [ RunTime:0.000046s ]
INFO: [ app_init ] --END-- [ RunTime:0.001017s ]

[ 2016-12-14T14:23:44+08:00 ] ::1 /20160608--Exercise/shop/web/Public/Home/images/basetb.jpg
INFO: [ app_init ] --START--
INFO: Run Behavior\BuildLiteBehavior [ RunTime:0.000044s ]
INFO: [ app_init ] --END-- [ RunTime:0.001096s ]

[ 2016-12-14T14:27:05+08:00 ] ::1 /20160608--Exercise/shop/web/Public/Home/images/basetb.jpg
INFO: [ app_init ] --START--
INFO: Run Behavior\BuildLiteBehavior [ RunTime:0.000044s ]
INFO: [ app_init ] --END-- [ RunTime:0.001100s ]

[ 2016-12-14T14:27:07+08:00 ] ::1 /20160608--Exercise/shop/web/Public/Home/images/basetb.jpg
INFO: [ app_init ] --START--
INFO: Run Behavior\BuildLiteBehavior [ RunTime:0.000044s ]
INFO: [ app_init ] --END-- [ RunTime:0.000929s ]

[ 2016-12-14T14:27:22+08:00 ] ::1 /20160608--Exercise/shop/web/Public/Home/images/detail_r.gif
INFO: [ app_init ] --START--
INFO: Run Behavior\BuildLiteBehavior [ RunTime:0.000044s ]
INFO: [ app_init ] --END-- [ RunTime:0.001127s ]

[ 2016-12-14T14:27:22+08:00 ] ::1 /20160608--Exercise/shop/web/Public/Home/images/basetb.jpg
INFO: [ app_init ] --START--
INFO: Run Behavior\BuildLiteBehavior [ RunTime:0.000043s ]
INFO: [ app_init ] --END-- [ RunTime:0.002642s ]

[ 2016-12-14T14:27:24+08:00 ] ::1 /20160608--Exercise/shop/web/Public/Home/images/basetb.jpg
INFO: [ app_init ] --START--
INFO: Run Behavior\BuildLiteBehavior [ RunTime:0.000046s ]
INFO: [ app_init ] --END-- [ RunTime:0.001023s ]

[ 2016-12-14T14:27:26+08:00 ] ::1 /20160608--Exercise/shop/web/Public/Home/images/basetb.jpg
INFO: [ app_init ] --START--
INFO: Run Behavior\BuildLiteBehavior [ RunTime:0.000046s ]
INFO: [ app_init ] --END-- [ RunTime:0.001009s ]

[ 2016-12-14T14:37:47+08:00 ] ::1 /20160608--Exercise/shop/web/Public/Home/images/basetb.jpg
INFO: [ app_init ] --START--
INFO: Run Behavior\BuildLiteBehavior [ RunTime:0.000041s ]
INFO: [ app_init ] --END-- [ RunTime:0.001171s ]

[ 2016-12-14T14:37:49+08:00 ] ::1 /20160608--Exercise/shop/web/Public/Home/images/basetb.jpg
INFO: [ app_init ] --START--
INFO: Run Behavior\BuildLiteBehavior [ RunTime:0.000046s ]
INFO: [ app_init ] --END-- [ RunTime:0.001159s ]

[ 2016-12-14T14:37:51+08:00 ] ::1 /20160608--Exercise/shop/web/Public/Home/images/detail_r.gif
INFO: [ app_init ] --START--
INFO: Run Behavior\BuildLiteBehavior [ RunTime:0.000043s ]
INFO: [ app_init ] --END-- [ RunTime:0.000866s ]

[ 2016-12-14T14:37:51+08:00 ] ::1 /20160608--Exercise/shop/web/Public/Home/images/basetb.jpg
INFO: [ app_init ] --START--
INFO: Run Behavior\BuildLiteBehavior [ RunTime:0.000041s ]
INFO: [ app_init ] --END-- [ RunTime:0.001034s ]

[ 2016-12-14T14:37:53+08:00 ] ::1 /20160608--Exercise/shop/web/Public/Home/images/basetb.jpg
INFO: [ app_init ] --START--
INFO: Run Behavior\BuildLiteBehavior [ RunTime:0.000027s ]
INFO: [ app_init ] --END-- [ RunTime:0.000639s ]

[ 2016-12-14T14:37:57+08:00 ] ::1 /20160608--Exercise/shop/web/Public/Home/images/basetb.jpg
INFO: [ app_init ] --START--
INFO: Run Behavior\BuildLiteBehavior [ RunTime:0.000046s ]
INFO: [ app_init ] --END-- [ RunTime:0.001029s ]

[ 2016-12-14T14:39:10+08:00 ] ::1 /20160608--Exercise/shop/web/Public/Home/images/basetb.jpg
INFO: [ app_init ] --START--
INFO: Run Behavior\BuildLiteBehavior [ RunTime:0.000028s ]
INFO: [ app_init ] --END-- [ RunTime:0.000711s ]

[ 2016-12-14T14:39:15+08:00 ] ::1 /20160608--Exercise/shop/web/Public/Home/images/basetb.jpg
INFO: [ app_init ] --START--
INFO: Run Behavior\BuildLiteBehavior [ RunTime:0.000043s ]
INFO: [ app_init ] --END-- [ RunTime:0.001004s ]

[ 2016-12-14T14:42:18+08:00 ] ::1 /20160608--Exercise/shop/web/Public/Home/images/basetb.jpg
INFO: [ app_init ] --START--
INFO: Run Behavior\BuildLiteBehavior [ RunTime:0.000046s ]
INFO: [ app_init ] --END-- [ RunTime:0.002506s ]

[ 2016-12-14T14:42:30+08:00 ] ::1 /20160608--Exercise/shop/web/Public/Home/images/basetb.jpg
INFO: [ app_init ] --START--
INFO: Run Behavior\BuildLiteBehavior [ RunTime:0.000041s ]
INFO: [ app_init ] --END-- [ RunTime:0.000950s ]

[ 2016-12-14T14:42:30+08:00 ] ::1 /20160608--Exercise/shop/web/Public/Home/images/detail_r.gif
INFO: [ app_init ] --START--
INFO: Run Behavior\BuildLiteBehavior [ RunTime:0.000046s ]
INFO: [ app_init ] --END-- [ RunTime:0.000991s ]

[ 2016-12-14T14:42:32+08:00 ] ::1 /20160608--Exercise/shop/web/Public/Home/images/basetb.jpg
INFO: [ app_init ] --START--
INFO: Run Behavior\BuildLiteBehavior [ RunTime:0.000042s ]
INFO: [ app_init ] --END-- [ RunTime:0.000962s ]

[ 2016-12-14T14:43:40+08:00 ] ::1 /20160608--Exercise/shop/web/Public/Home/images/basetb.jpg
INFO: [ app_init ] --START--
INFO: Run Behavior\BuildLiteBehavior [ RunTime:0.000116s ]
INFO: [ app_init ] --END-- [ RunTime:0.001585s ]

[ 2016-12-14T14:43:40+08:00 ] ::1 /20160608--Exercise/shop/web/Public/Home/images/detail_r.gif
INFO: [ app_init ] --START--
INFO: Run Behavior\BuildLiteBehavior [ RunTime:0.000040s ]
INFO: [ app_init ] --END-- [ RunTime:0.000971s ]

[ 2016-12-14T14:43:43+08:00 ] ::1 /20160608--Exercise/shop/web/Public/Home/images/basetb.jpg
INFO: [ app_init ] --START--
INFO: Run Behavior\BuildLiteBehavior [ RunTime:0.000044s ]
INFO: [ app_init ] --END-- [ RunTime:0.001117s ]

[ 2016-12-14T14:52:15+08:00 ] ::1 /20160608--Exercise/shop/web/Public/Home/images/basetb.jpg
INFO: [ app_init ] --START--
INFO: Run Behavior\BuildLiteBehavior [ RunTime:0.000044s ]
INFO: [ app_init ] --END-- [ RunTime:0.001065s ]

[ 2016-12-14T14:52:17+08:00 ] ::1 /20160608--Exercise/shop/web/Public/Home/images/detail_r.gif
INFO: [ app_init ] --START--
INFO: Run Behavior\BuildLiteBehavior [ RunTime:0.000043s ]
INFO: [ app_init ] --END-- [ RunTime:0.000940s ]

[ 2016-12-14T14:52:18+08:00 ] ::1 /20160608--Exercise/shop/web/Public/Home/images/basetb.jpg
INFO: [ app_init ] --START--
INFO: Run Behavior\BuildLiteBehavior [ RunTime:0.000040s ]
INFO: [ app_init ] --END-- [ RunTime:0.001024s ]

[ 2016-12-14T14:52:19+08:00 ] ::1 /20160608--Exercise/shop/web/Public/Home/images/basetb.jpg
INFO: [ app_init ] --START--
INFO: Run Behavior\BuildLiteBehavior [ RunTime:0.000043s ]
INFO: [ app_init ] --END-- [ RunTime:0.001002s ]

[ 2016-12-14T14:52:25+08:00 ] ::1 /20160608--Exercise/shop/web/Public/Home/images/basetb.jpg
INFO: [ app_init ] --START--
INFO: Run Behavior\BuildLiteBehavior [ RunTime:0.000045s ]
INFO: [ app_init ] --END-- [ RunTime:0.001047s ]

[ 2016-12-14T14:52:29+08:00 ] ::1 /20160608--Exercise/shop/web/Public/Home/images/basetb.jpg
INFO: [ app_init ] --START--
INFO: Run Behavior\BuildLiteBehavior [ RunTime:0.000044s ]
INFO: [ app_init ] --END-- [ RunTime:0.000946s ]

[ 2016-12-14T14:52:31+08:00 ] ::1 /20160608--Exercise/shop/web/Public/Home/images/basetb.jpg
INFO: [ app_init ] --START--
INFO: Run Behavior\BuildLiteBehavior [ RunTime:0.000046s ]
INFO: [ app_init ] --END-- [ RunTime:0.000900s ]

[ 2016-12-14T14:52:31+08:00 ] ::1 /20160608--Exercise/shop/web/Public/Home/images/detail_r.gif
INFO: [ app_init ] --START--
INFO: Run Behavior\BuildLiteBehavior [ RunTime:0.000045s ]
INFO: [ app_init ] --END-- [ RunTime:0.001018s ]

[ 2016-12-14T14:52:33+08:00 ] ::1 /20160608--Exercise/shop/web/Public/Home/images/basetb.jpg
INFO: [ app_init ] --START--
INFO: Run Behavior\BuildLiteBehavior [ RunTime:0.000046s ]
INFO: [ app_init ] --END-- [ RunTime:0.001504s ]

[ 2016-12-14T14:53:12+08:00 ] ::1 /20160608--Exercise/shop/web/Public/Home/images/basetb.jpg
INFO: [ app_init ] --START--
INFO: Run Behavior\BuildLiteBehavior [ RunTime:0.000042s ]
INFO: [ app_init ] --END-- [ RunTime:0.000924s ]

[ 2016-12-14T14:53:12+08:00 ] ::1 /20160608--Exercise/shop/web/Public/Home/images/detail_r.gif
INFO: [ app_init ] --START--
INFO: Run Behavior\BuildLiteBehavior [ RunTime:0.000036s ]
INFO: [ app_init ] --END-- [ RunTime:0.000869s ]

[ 2016-12-14T14:53:14+08:00 ] ::1 /20160608--Exercise/shop/web/Public/Home/images/basetb.jpg
INFO: [ app_init ] --START--
INFO: Run Behavior\BuildLiteBehavior [ RunTime:0.000043s ]
INFO: [ app_init ] --END-- [ RunTime:0.000986s ]

[ 2016-12-14T14:56:25+08:00 ] ::1 /20160608--Exercise/shop/web/Public/Home/images/basetb.jpg
INFO: [ app_init ] --START--
INFO: Run Behavior\BuildLiteBehavior [ RunTime:0.000046s ]
INFO: [ app_init ] --END-- [ RunTime:0.004014s ]

[ 2016-12-14T14:56:25+08:00 ] ::1 /20160608--Exercise/shop/web/Public/Home/images/detail_r.gif
INFO: [ app_init ] --START--
INFO: Run Behavior\BuildLiteBehavior [ RunTime:0.000042s ]
INFO: [ app_init ] --END-- [ RunTime:0.001309s ]

[ 2016-12-14T14:56:26+08:00 ] ::1 /20160608--Exercise/shop/web/Public/Home/images/basetb.jpg
INFO: [ app_init ] --START--
INFO: Run Behavior\BuildLiteBehavior [ RunTime:0.000045s ]
INFO: [ app_init ] --END-- [ RunTime:0.001418s ]

[ 2016-12-14T14:56:49+08:00 ] ::1 /20160608--Exercise/shop/web/Public/Home/images/basetb.jpg
INFO: [ app_init ] --START--
INFO: Run Behavior\BuildLiteBehavior [ RunTime:0.000048s ]
INFO: [ app_init ] --END-- [ RunTime:0.001212s ]

[ 2016-12-14T14:56:51+08:00 ] ::1 /20160608--Exercise/shop/web/Public/Home/images/basetb.jpg
INFO: [ app_init ] --START--
INFO: Run Behavior\BuildLiteBehavior [ RunTime:0.000041s ]
INFO: [ app_init ] --END-- [ RunTime:0.000949s ]

[ 2016-12-14T14:56:51+08:00 ] ::1 /20160608--Exercise/shop/web/Public/Home/images/detail_r.gif
INFO: [ app_init ] --START--
INFO: Run Behavior\BuildLiteBehavior [ RunTime:0.000040s ]
INFO: [ app_init ] --END-- [ RunTime:0.000989s ]

[ 2016-12-14T14:56:53+08:00 ] ::1 /20160608--Exercise/shop/web/Public/Home/images/basetb.jpg
INFO: [ app_init ] --START--
INFO: Run Behavior\BuildLiteBehavior [ RunTime:0.000028s ]
INFO: [ app_init ] --END-- [ RunTime:0.000765s ]

[ 2016-12-14T14:58:24+08:00 ] ::1 /20160608--Exercise/shop/web/Public/Home/images/basetb.jpg
INFO: [ app_init ] --START--
INFO: Run Behavior\BuildLiteBehavior [ RunTime:0.000029s ]
INFO: [ app_init ] --END-- [ RunTime:0.000679s ]

[ 2016-12-14T14:58:46+08:00 ] ::1 /20160608--Exercise/shop/web/Public/Home/images/basetb.jpg
INFO: [ app_init ] --START--
INFO: Run Behavior\BuildLiteBehavior [ RunTime:0.000123s ]
INFO: [ app_init ] --END-- [ RunTime:0.001468s ]

[ 2016-12-14T14:58:52+08:00 ] ::1 /20160608--Exercise/shop/web/Public/Home/images/detail_r.gif
INFO: [ app_init ] --START--
INFO: Run Behavior\BuildLiteBehavior [ RunTime:0.000037s ]
INFO: [ app_init ] --END-- [ RunTime:0.000891s ]

[ 2016-12-14T14:58:52+08:00 ] ::1 /20160608--Exercise/shop/web/Public/Home/images/basetb.jpg
INFO: [ app_init ] --START--
INFO: Run Behavior\BuildLiteBehavior [ RunTime:0.000042s ]
INFO: [ app_init ] --END-- [ RunTime:0.001056s ]

[ 2016-12-14T15:01:36+08:00 ] ::1 /20160608--Exercise/shop/web/Public/Home/images/basetb.jpg
INFO: [ app_init ] --START--
INFO: Run Behavior\BuildLiteBehavior [ RunTime:0.000051s ]
INFO: [ app_init ] --END-- [ RunTime:0.003626s ]

[ 2016-12-14T15:01:36+08:00 ] ::1 /20160608--Exercise/shop/web/Public/Home/images/detail_r.gif
INFO: [ app_init ] --START--
INFO: Run Behavior\BuildLiteBehavior [ RunTime:0.000046s ]
INFO: [ app_init ] --END-- [ RunTime:0.001073s ]

[ 2016-12-14T15:02:12+08:00 ] ::1 /20160608--Exercise/shop/web/Public/Home/images/basetb.jpg
INFO: [ app_init ] --START--
INFO: Run Behavior\BuildLiteBehavior [ RunTime:0.000041s ]
INFO: [ app_init ] --END-- [ RunTime:0.000865s ]

[ 2016-12-14T15:02:12+08:00 ] ::1 /20160608--Exercise/shop/web/Public/Home/images/detail_r.gif
INFO: [ app_init ] --START--
INFO: Run Behavior\BuildLiteBehavior [ RunTime:0.000040s ]
INFO: [ app_init ] --END-- [ RunTime:0.000884s ]

[ 2016-12-14T15:02:46+08:00 ] ::1 /20160608--Exercise/shop/web/Public/Home/images/basetb.jpg
INFO: [ app_init ] --START--
INFO: Run Behavior\BuildLiteBehavior [ RunTime:0.000046s ]
INFO: [ app_init ] --END-- [ RunTime:0.001045s ]

[ 2016-12-14T15:03:03+08:00 ] ::1 /20160608--Exercise/shop/web/Public/Home/images/basetb.jpg
INFO: [ app_init ] --START--
INFO: Run Behavior\BuildLiteBehavior [ RunTime:0.000048s ]
INFO: [ app_init ] --END-- [ RunTime:0.000997s ]

[ 2016-12-14T15:03:05+08:00 ] ::1 /20160608--Exercise/shop/web/Public/Home/images/basetb.jpg
INFO: [ app_init ] --START--
INFO: Run Behavior\BuildLiteBehavior [ RunTime:0.000046s ]
INFO: [ app_init ] --END-- [ RunTime:0.001020s ]

[ 2016-12-14T15:03:21+08:00 ] ::1 /20160608--Exercise/shop/web/Public/Home/images/basetb.jpg
INFO: [ app_init ] --START--
INFO: Run Behavior\BuildLiteBehavior [ RunTime:0.000044s ]
INFO: [ app_init ] --END-- [ RunTime:0.000965s ]

[ 2016-12-14T15:03:42+08:00 ] ::1 /20160608--Exercise/shop/web/Public/Home/images/basetb.jpg
INFO: [ app_init ] --START--
INFO: Run Behavior\BuildLiteBehavior [ RunTime:0.000038s ]
INFO: [ app_init ] --END-- [ RunTime:0.001344s ]

[ 2016-12-14T15:03:47+08:00 ] ::1 /20160608--Exercise/shop/web/Public/Home/images/basetb.jpg
INFO: [ app_init ] --START--
INFO: Run Behavior\BuildLiteBehavior [ RunTime:0.000043s ]
INFO: [ app_init ] --END-- [ RunTime:0.001002s ]

[ 2016-12-14T15:03:49+08:00 ] ::1 /20160608--Exercise/shop/web/Public/Home/images/basetb.jpg
INFO: [ app_init ] --START--
INFO: Run Behavior\BuildLiteBehavior [ RunTime:0.000046s ]
INFO: [ app_init ] --END-- [ RunTime:0.001108s ]

[ 2016-12-14T15:03:53+08:00 ] ::1 /20160608--Exercise/shop/web/Public/Home/images/basetb.jpg
INFO: [ app_init ] --START--
INFO: Run Behavior\BuildLiteBehavior [ RunTime:0.000044s ]
INFO: [ app_init ] --END-- [ RunTime:0.001129s ]

[ 2016-12-14T15:04:11+08:00 ] ::1 /20160608--Exercise/shop/web/Public/Home/images/basetb.jpg
INFO: [ app_init ] --START--
INFO: Run Behavior\BuildLiteBehavior [ RunTime:0.000048s ]
INFO: [ app_init ] --END-- [ RunTime:0.001112s ]

[ 2016-12-14T15:04:15+08:00 ] ::1 /20160608--Exercise/shop/web/Public/Home/images/basetb.jpg
INFO: [ app_init ] --START--
INFO: Run Behavior\BuildLiteBehavior [ RunTime:0.000042s ]
INFO: [ app_init ] --END-- [ RunTime:0.001045s ]

[ 2016-12-14T15:06:32+08:00 ] ::1 /20160608--Exercise/shop/web/Public/Home/images/basetb.jpg
INFO: [ app_init ] --START--
INFO: Run Behavior\BuildLiteBehavior [ RunTime:0.000058s ]
INFO: [ app_init ] --END-- [ RunTime:0.001478s ]

