[ 2016-12-13T05:29:19+08:00 ] ::1 /20160608--Exercise/shop/web/Public/Home/images/basetb.jpg
INFO: [ app_init ] --START--
INFO: Run Behavior\BuildLiteBehavior [ RunTime:0.000029s ]
INFO: [ app_init ] --END-- [ RunTime:0.000693s ]

[ 2016-12-13T05:29:23+08:00 ] ::1 /20160608--Exercise/shop/web/Public/Home/images/basetb.jpg
INFO: [ app_init ] --START--
INFO: Run Behavior\BuildLiteBehavior [ RunTime:0.000059s ]
INFO: [ app_init ] --END-- [ RunTime:0.001419s ]

[ 2016-12-13T05:29:25+08:00 ] ::1 /20160608--Exercise/shop/web/Public/Home/images/botbggray.jpg
INFO: [ app_init ] --START--
INFO: Run Behavior\BuildLiteBehavior [ RunTime:0.000047s ]
INFO: [ app_init ] --END-- [ RunTime:0.001009s ]

[ 2016-12-13T05:29:25+08:00 ] ::1 /20160608--Exercise/shop/web/Public/Home/images/basetb.jpg
INFO: [ app_init ] --START--
INFO: Run Behavior\BuildLiteBehavior [ RunTime:0.000050s ]
INFO: [ app_init ] --END-- [ RunTime:0.001072s ]

[ 2016-12-13T05:29:27+08:00 ] ::1 /20160608--Exercise/shop/web/Public/Home/images/basetb.jpg
INFO: [ app_init ] --START--
INFO: Run Behavior\BuildLiteBehavior [ RunTime:0.000050s ]
INFO: [ app_init ] --END-- [ RunTime:0.001731s ]

[ 2016-12-13T05:40:03+08:00 ] ::1 /20160608--Exercise/shop/web/Public/Home/images/basetb.jpg
INFO: [ app_init ] --START--
INFO: Run Behavior\BuildLiteBehavior [ RunTime:0.000125s ]
INFO: [ app_init ] --END-- [ RunTime:0.002431s ]

[ 2016-12-13T05:49:43+08:00 ] ::1 /20160608--Exercise/shop/web/Public/Home/images/basetb.jpg
INFO: [ app_init ] --START--
INFO: Run Behavior\BuildLiteBehavior [ RunTime:0.000050s ]
INFO: [ app_init ] --END-- [ RunTime:0.001189s ]

[ 2016-12-13T05:49:46+08:00 ] ::1 /20160608--Exercise/shop/web/Public/Home/images/basetb.jpg
INFO: [ app_init ] --START--
INFO: Run Behavior\BuildLiteBehavior [ RunTime:0.000029s ]
INFO: [ app_init ] --END-- [ RunTime:0.000745s ]

[ 2016-12-13T05:51:20+08:00 ] ::1 /20160608--Exercise/shop/web/Public/Home/images/basetb.jpg
INFO: [ app_init ] --START--
INFO: Run Behavior\BuildLiteBehavior [ RunTime:0.000030s ]
INFO: [ app_init ] --END-- [ RunTime:0.000763s ]

[ 2016-12-13T05:51:22+08:00 ] ::1 /20160608--Exercise/shop/web/Public/Home/images/basetb.jpg
INFO: [ app_init ] --START--
INFO: Run Behavior\BuildLiteBehavior [ RunTime:0.000112s ]
INFO: [ app_init ] --END-- [ RunTime:0.001698s ]

[ 2016-12-13T05:51:29+08:00 ] ::1 /20160608--Exercise/shop/web/Public/Home/images/basetb.jpg
INFO: [ app_init ] --START--
INFO: Run Behavior\BuildLiteBehavior [ RunTime:0.000042s ]
INFO: [ app_init ] --END-- [ RunTime:0.001088s ]

[ 2016-12-13T05:51:32+08:00 ] ::1 /20160608--Exercise/shop/web/Public/Home/images/basetb.jpg
INFO: [ app_init ] --START--
INFO: Run Behavior\BuildLiteBehavior [ RunTime:0.000043s ]
INFO: [ app_init ] --END-- [ RunTime:0.001044s ]

[ 2016-12-13T05:51:37+08:00 ] ::1 /20160608--Exercise/shop/web/Public/Home/images/basetb.jpg
INFO: [ app_init ] --START--
INFO: Run Behavior\BuildLiteBehavior [ RunTime:0.000051s ]
INFO: [ app_init ] --END-- [ RunTime:0.001123s ]

[ 2016-12-13T05:51:38+08:00 ] ::1 /20160608--Exercise/shop/web/Public/Home/images/basetb.jpg
INFO: [ app_init ] --START--
INFO: Run Behavior\BuildLiteBehavior [ RunTime:0.000049s ]
INFO: [ app_init ] --END-- [ RunTime:0.001066s ]

[ 2016-12-13T05:51:47+08:00 ] ::1 /20160608--Exercise/shop/web/Public/Home/images/basetb.jpg
INFO: [ app_init ] --START--
INFO: Run Behavior\BuildLiteBehavior [ RunTime:0.000042s ]
INFO: [ app_init ] --END-- [ RunTime:0.000992s ]

[ 2016-12-13T05:51:51+08:00 ] ::1 /20160608--Exercise/shop/web/Public/Home/images/basetb.jpg
INFO: [ app_init ] --START--
INFO: Run Behavior\BuildLiteBehavior [ RunTime:0.000250s ]
INFO: [ app_init ] --END-- [ RunTime:0.001651s ]

[ 2016-12-13T05:51:53+08:00 ] ::1 /20160608--Exercise/shop/web/Public/Home/images/detail_r.gif
INFO: [ app_init ] --START--
INFO: Run Behavior\BuildLiteBehavior [ RunTime:0.000045s ]
INFO: [ app_init ] --END-- [ RunTime:0.001106s ]

[ 2016-12-13T05:51:53+08:00 ] ::1 /20160608--Exercise/shop/web/Public/Home/images/basetb.jpg
INFO: [ app_init ] --START--
INFO: Run Behavior\BuildLiteBehavior [ RunTime:0.000173s ]
INFO: [ app_init ] --END-- [ RunTime:0.001832s ]

[ 2016-12-13T05:51:55+08:00 ] ::1 /20160608--Exercise/shop/web/Public/Home/images/basetb.jpg
INFO: [ app_init ] --START--
INFO: Run Behavior\BuildLiteBehavior [ RunTime:0.000047s ]
INFO: [ app_init ] --END-- [ RunTime:0.001262s ]

[ 2016-12-13T05:52:00+08:00 ] ::1 /20160608--Exercise/shop/web/Public/Home/images/detail_r.gif
INFO: [ app_init ] --START--
INFO: Run Behavior\BuildLiteBehavior [ RunTime:0.000044s ]
INFO: [ app_init ] --END-- [ RunTime:0.000980s ]

[ 2016-12-13T05:52:00+08:00 ] ::1 /20160608--Exercise/shop/web/Public/Home/images/basetb.jpg
INFO: [ app_init ] --START--
INFO: Run Behavior\BuildLiteBehavior [ RunTime:0.000040s ]
INFO: [ app_init ] --END-- [ RunTime:0.001341s ]

[ 2016-12-13T05:52:02+08:00 ] ::1 /20160608--Exercise/shop/web/Public/Home/images/basetb.jpg
INFO: [ app_init ] --START--
INFO: Run Behavior\BuildLiteBehavior [ RunTime:0.000044s ]
INFO: [ app_init ] --END-- [ RunTime:0.000703s ]

[ 2016-12-13T05:52:20+08:00 ] ::1 /20160608--Exercise/shop/web/Public/Home/images/basetb.jpg
INFO: [ app_init ] --START--
INFO: Run Behavior\BuildLiteBehavior [ RunTime:0.000043s ]
INFO: [ app_init ] --END-- [ RunTime:0.001047s ]

[ 2016-12-13T05:52:21+08:00 ] ::1 /20160608--Exercise/shop/web/Public/Home/images/botbggray.jpg
INFO: [ app_init ] --START--
INFO: Run Behavior\BuildLiteBehavior [ RunTime:0.000043s ]
INFO: [ app_init ] --END-- [ RunTime:0.001170s ]

[ 2016-12-13T05:52:21+08:00 ] ::1 /20160608--Exercise/shop/web/Public/Home/images/basetb.jpg
INFO: [ app_init ] --START--
INFO: Run Behavior\BuildLiteBehavior [ RunTime:0.000028s ]
INFO: [ app_init ] --END-- [ RunTime:0.000699s ]

[ 2016-12-13T05:52:39+08:00 ] ::1 /20160608--Exercise/shop/web/Public/Home/images/basetb.jpg
INFO: [ app_init ] --START--
INFO: Run Behavior\BuildLiteBehavior [ RunTime:0.000044s ]
INFO: [ app_init ] --END-- [ RunTime:0.000981s ]

[ 2016-12-13T05:52:44+08:00 ] ::1 /20160608--Exercise/shop/web/Public/Home/images/detail_r.gif
INFO: [ app_init ] --START--
INFO: Run Behavior\BuildLiteBehavior [ RunTime:0.000045s ]
INFO: [ app_init ] --END-- [ RunTime:0.000975s ]

[ 2016-12-13T05:52:44+08:00 ] ::1 /20160608--Exercise/shop/web/Public/Home/images/basetb.jpg
INFO: [ app_init ] --START--
INFO: Run Behavior\BuildLiteBehavior [ RunTime:0.000042s ]
INFO: [ app_init ] --END-- [ RunTime:0.000892s ]

[ 2016-12-13T05:52:45+08:00 ] ::1 /20160608--Exercise/shop/web/Public/Home/images/basetb.jpg
INFO: [ app_init ] --START--
INFO: Run Behavior\BuildLiteBehavior [ RunTime:0.000043s ]
INFO: [ app_init ] --END-- [ RunTime:0.000926s ]

[ 2016-12-13T05:53:09+08:00 ] ::1 /20160608--Exercise/shop/web/Public/Home/images/basetb.jpg
INFO: [ app_init ] --START--
INFO: Run Behavior\BuildLiteBehavior [ RunTime:0.000034s ]
INFO: [ app_init ] --END-- [ RunTime:0.000980s ]

[ 2016-12-13T05:53:13+08:00 ] ::1 /20160608--Exercise/shop/web/Public/Home/images/detail_r.gif
INFO: [ app_init ] --START--
INFO: Run Behavior\BuildLiteBehavior [ RunTime:0.000046s ]
INFO: [ app_init ] --END-- [ RunTime:0.001018s ]

[ 2016-12-13T05:53:13+08:00 ] ::1 /20160608--Exercise/shop/web/Public/Home/images/basetb.jpg
INFO: [ app_init ] --START--
INFO: Run Behavior\BuildLiteBehavior [ RunTime:0.000044s ]
INFO: [ app_init ] --END-- [ RunTime:0.000938s ]

[ 2016-12-13T05:53:17+08:00 ] ::1 /20160608--Exercise/shop/web/Public/Home/images/basetb.jpg
INFO: [ app_init ] --START--
INFO: Run Behavior\BuildLiteBehavior [ RunTime:0.000028s ]
INFO: [ app_init ] --END-- [ RunTime:0.000630s ]

[ 2016-12-13T05:53:21+08:00 ] ::1 /20160608--Exercise/shop/web/Public/Home/images/basetb.jpg
INFO: [ app_init ] --START--
INFO: Run Behavior\BuildLiteBehavior [ RunTime:0.000047s ]
INFO: [ app_init ] --END-- [ RunTime:0.001029s ]

[ 2016-12-13T05:53:25+08:00 ] ::1 /20160608--Exercise/shop/web/Public/Home/images/basetb.jpg
INFO: [ app_init ] --START--
INFO: Run Behavior\BuildLiteBehavior [ RunTime:0.000046s ]
INFO: [ app_init ] --END-- [ RunTime:0.002393s ]

[ 2016-12-13T05:53:30+08:00 ] ::1 /20160608--Exercise/shop/web/Public/Home/images/basetb.jpg
INFO: [ app_init ] --START--
INFO: Run Behavior\BuildLiteBehavior [ RunTime:0.000041s ]
INFO: [ app_init ] --END-- [ RunTime:0.000921s ]


[ 2016-12-13T06:06:39+08:00 ] ::1 /20160608--Exercise/shop/web/Public/Home/images/basetb.jpg
INFO: [ app_init ] --START--
INFO: Run Behavior\BuildLiteBehavior [ RunTime:0.000049s ]
INFO: [ app_init ] --END-- [ RunTime:0.001157s ]

[ 2016-12-13T06:06:46+08:00 ] ::1 /20160608--Exercise/shop/web/Public/Home/images/basetb.jpg
INFO: [ app_init ] --START--
INFO: Run Behavior\BuildLiteBehavior [ RunTime:0.000048s ]
INFO: [ app_init ] --END-- [ RunTime:0.001435s ]

[ 2016-12-13T06:06:48+08:00 ] ::1 /20160608--Exercise/shop/web/Public/Home/images/basetb.jpg
INFO: [ app_init ] --START--
INFO: Run Behavior\BuildLiteBehavior [ RunTime:0.000044s ]
INFO: [ app_init ] --END-- [ RunTime:0.001107s ]

[ 2016-12-13T06:06:54+08:00 ] ::1 /20160608--Exercise/shop/web/Public/Home/images/basetb.jpg
INFO: [ app_init ] --START--
INFO: Run Behavior\BuildLiteBehavior [ RunTime:0.000044s ]
INFO: [ app_init ] --END-- [ RunTime:0.000807s ]

[ 2016-12-13T06:06:57+08:00 ] ::1 /20160608--Exercise/shop/web/Public/Home/images/basetb.jpg
INFO: [ app_init ] --START--
INFO: Run Behavior\BuildLiteBehavior [ RunTime:0.000114s ]
INFO: [ app_init ] --END-- [ RunTime:0.001115s ]

[ 2016-12-13T06:06:59+08:00 ] ::1 /20160608--Exercise/shop/web/Public/Home/images/basetb.jpg
INFO: [ app_init ] --START--
INFO: Run Behavior\BuildLiteBehavior [ RunTime:0.000044s ]
INFO: [ app_init ] --END-- [ RunTime:0.000966s ]

[ 2016-12-13T06:07:01+08:00 ] ::1 /20160608--Exercise/shop/web/Public/Home/images/basetb.jpg
INFO: [ app_init ] --START--
INFO: Run Behavior\BuildLiteBehavior [ RunTime:0.000085s ]
INFO: [ app_init ] --END-- [ RunTime:0.001506s ]

[ 2016-12-13T06:07:06+08:00 ] ::1 /20160608--Exercise/shop/web/Public/Home/images/basetb.jpg
INFO: [ app_init ] --START--
INFO: Run Behavior\BuildLiteBehavior [ RunTime:0.000050s ]
INFO: [ app_init ] --END-- [ RunTime:0.000995s ]

[ 2016-12-13T06:07:09+08:00 ] ::1 /20160608--Exercise/shop/web/Public/Home/images/basetb.jpg
INFO: [ app_init ] --START--
INFO: Run Behavior\BuildLiteBehavior [ RunTime:0.000047s ]
INFO: [ app_init ] --END-- [ RunTime:0.001042s ]

[ 2016-12-13T07:38:54+08:00 ] ::1 /20160608--Exercise/shop/web/Public/Home/images/basetb.jpg
INFO: [ app_init ] --START--
INFO: Run Behavior\BuildLiteBehavior [ RunTime:0.000044s ]
INFO: [ app_init ] --END-- [ RunTime:0.000946s ]

[ 2016-12-13T07:38:56+08:00 ] ::1 /20160608--Exercise/shop/web/Public/Home/images/detail_r.gif
INFO: [ app_init ] --START--
INFO: Run Behavior\BuildLiteBehavior [ RunTime:0.000042s ]
INFO: [ app_init ] --END-- [ RunTime:0.000971s ]

[ 2016-12-13T07:38:56+08:00 ] ::1 /20160608--Exercise/shop/web/Public/Home/images/basetb.jpg
INFO: [ app_init ] --START--
INFO: Run Behavior\BuildLiteBehavior [ RunTime:0.000773s ]
INFO: [ app_init ] --END-- [ RunTime:0.005298s ]

[ 2016-12-13T07:38:58+08:00 ] ::1 /20160608--Exercise/shop/web/Public/Home/images/basetb.jpg
INFO: [ app_init ] --START--
INFO: Run Behavior\BuildLiteBehavior [ RunTime:0.000049s ]
INFO: [ app_init ] --END-- [ RunTime:0.004499s ]

[ 2016-12-13T07:39:07+08:00 ] ::1 /20160608--Exercise/shop/web/Public/Home/images/basetb.jpg
INFO: [ app_init ] --START--
INFO: Run Behavior\BuildLiteBehavior [ RunTime:0.000058s ]
INFO: [ app_init ] --END-- [ RunTime:0.000980s ]

[ 2016-12-13T11:16:04+08:00 ] ::1 /20160608--Exercise/shop/web/Public/Home/images/basetb.jpg
INFO: [ app_init ] --START--
INFO: Run Behavior\BuildLiteBehavior [ RunTime:0.000047s ]
INFO: [ app_init ] --END-- [ RunTime:0.001080s ]

[ 2016-12-13T11:16:13+08:00 ] ::1 /20160608--Exercise/shop/web/Public/Home/images/basetb.jpg
INFO: [ app_init ] --START--
INFO: Run Behavior\BuildLiteBehavior [ RunTime:0.000042s ]
INFO: [ app_init ] --END-- [ RunTime:0.000949s ]

[ 2016-12-13T11:16:19+08:00 ] ::1 /20160608--Exercise/shop/web/Public/Home/images/basetb.jpg
INFO: [ app_init ] --START--
INFO: Run Behavior\BuildLiteBehavior [ RunTime:0.000046s ]
INFO: [ app_init ] --END-- [ RunTime:0.001043s ]

[ 2016-12-13T11:16:22+08:00 ] ::1 /20160608--Exercise/shop/web/Public/Home/images/basetb.jpg
INFO: [ app_init ] --START--
INFO: Run Behavior\BuildLiteBehavior [ RunTime:0.000050s ]
INFO: [ app_init ] --END-- [ RunTime:0.001050s ]

[ 2016-12-13T11:16:24+08:00 ] ::1 /20160608--Exercise/shop/web/Public/Home/images/basetb.jpg
INFO: [ app_init ] --START--
INFO: Run Behavior\BuildLiteBehavior [ RunTime:0.000044s ]
INFO: [ app_init ] --END-- [ RunTime:0.000923s ]

[ 2016-12-13T11:16:28+08:00 ] ::1 /20160608--Exercise/shop/web/Public/Home/images/basetb.jpg
INFO: [ app_init ] --START--
INFO: Run Behavior\BuildLiteBehavior [ RunTime:0.000047s ]
INFO: [ app_init ] --END-- [ RunTime:0.001295s ]

[ 2016-12-13T11:16:30+08:00 ] ::1 /20160608--Exercise/shop/web/Public/Home/images/basetb.jpg
INFO: [ app_init ] --START--
INFO: Run Behavior\BuildLiteBehavior [ RunTime:0.000049s ]
INFO: [ app_init ] --END-- [ RunTime:0.001071s ]

[ 2016-12-13T11:16:32+08:00 ] ::1 /20160608--Exercise/shop/web/Public/Home/images/basetb.jpg
INFO: [ app_init ] --START--
INFO: Run Behavior\BuildLiteBehavior [ RunTime:0.000046s ]
INFO: [ app_init ] --END-- [ RunTime:0.001042s ]

[ 2016-12-13T11:16:35+08:00 ] ::1 /20160608--Exercise/shop/web/Public/Home/images/detail_r.gif
INFO: [ app_init ] --START--
INFO: Run Behavior\BuildLiteBehavior [ RunTime:0.000045s ]
INFO: [ app_init ] --END-- [ RunTime:0.000972s ]

[ 2016-12-13T11:16:35+08:00 ] ::1 /20160608--Exercise/shop/web/Public/Home/images/basetb.jpg
INFO: [ app_init ] --START--
INFO: Run Behavior\BuildLiteBehavior [ RunTime:0.000043s ]
INFO: [ app_init ] --END-- [ RunTime:0.001625s ]

[ 2016-12-13T11:16:40+08:00 ] ::1 /20160608--Exercise/shop/web/Public/Home/images/basetb.jpg
INFO: [ app_init ] --START--
INFO: Run Behavior\BuildLiteBehavior [ RunTime:0.000043s ]
INFO: [ app_init ] --END-- [ RunTime:0.000891s ]

[ 2016-12-13T11:16:50+08:00 ] ::1 /20160608--Exercise/shop/web/Public/Home/images/basetb.jpg
INFO: [ app_init ] --START--
INFO: Run Behavior\BuildLiteBehavior [ RunTime:0.000039s ]
INFO: [ app_init ] --END-- [ RunTime:0.000943s ]

[ 2016-12-13T11:16:50+08:00 ] ::1 /20160608--Exercise/shop/web/Public/Home/images/detail_r.gif
INFO: [ app_init ] --START--
INFO: Run Behavior\BuildLiteBehavior [ RunTime:0.000163s ]
INFO: [ app_init ] --END-- [ RunTime:0.001942s ]

[ 2016-12-13T11:16:52+08:00 ] ::1 /20160608--Exercise/shop/web/Public/Home/images/basetb.jpg
INFO: [ app_init ] --START--
INFO: Run Behavior\BuildLiteBehavior [ RunTime:0.000042s ]
INFO: [ app_init ] --END-- [ RunTime:0.001021s ]

[ 2016-12-13T11:16:54+08:00 ] ::1 /20160608--Exercise/shop/web/Public/Home/images/basetb.jpg
INFO: [ app_init ] --START--
INFO: Run Behavior\BuildLiteBehavior [ RunTime:0.000041s ]
INFO: [ app_init ] --END-- [ RunTime:0.000862s ]

[ 2016-12-13T11:16:54+08:00 ] ::1 /20160608--Exercise/shop/web/Public/Home/images/detail_r.gif
INFO: [ app_init ] --START--
INFO: Run Behavior\BuildLiteBehavior [ RunTime:0.000046s ]
INFO: [ app_init ] --END-- [ RunTime:0.001790s ]

[ 2016-12-13T11:16:55+08:00 ] ::1 /20160608--Exercise/shop/web/Public/Home/images/basetb.jpg
INFO: [ app_init ] --START--
INFO: Run Behavior\BuildLiteBehavior [ RunTime:0.000040s ]
INFO: [ app_init ] --END-- [ RunTime:0.001020s ]

[ 2016-12-13T12:35:21+08:00 ] ::1 /20160608--Exercise/shop/web/Public/Home/images/basetb.jpg
INFO: [ app_init ] --START--
INFO: Run Behavior\BuildLiteBehavior [ RunTime:0.000027s ]
INFO: [ app_init ] --END-- [ RunTime:0.000687s ]

[ 2016-12-13T12:35:32+08:00 ] ::1 /20160608--Exercise/shop/web/Public/Home/images/detail_r.gif
INFO: [ app_init ] --START--
INFO: Run Behavior\BuildLiteBehavior [ RunTime:0.000042s ]
INFO: [ app_init ] --END-- [ RunTime:0.001148s ]

[ 2016-12-13T13:03:21+08:00 ] ::1 /20160608--Exercise/shop/web/Public/Home/images/basetb.jpg
INFO: [ app_init ] --START--
INFO: Run Behavior\BuildLiteBehavior [ RunTime:0.000047s ]
INFO: [ app_init ] --END-- [ RunTime:0.001033s ]

[ 2016-12-13T13:05:36+08:00 ] ::1 /20160608--Exercise/shop/web/Public/Home/images/basetb.jpg
INFO: [ app_init ] --START--
INFO: Run Behavior\BuildLiteBehavior [ RunTime:0.000042s ]
INFO: [ app_init ] --END-- [ RunTime:0.001105s ]

[ 2016-12-13T13:06:06+08:00 ] ::1 /20160608--Exercise/shop/web/Public/Home/images/basetb.jpg
INFO: [ app_init ] --START--
INFO: Run Behavior\BuildLiteBehavior [ RunTime:0.000045s ]
INFO: [ app_init ] --END-- [ RunTime:0.000929s ]

[ 2016-12-13T13:06:14+08:00 ] ::1 /20160608--Exercise/shop/web/Public/Home/images/basetb.jpg
INFO: [ app_init ] --START--
INFO: Run Behavior\BuildLiteBehavior [ RunTime:0.000030s ]
INFO: [ app_init ] --END-- [ RunTime:0.000915s ]

[ 2016-12-13T13:06:16+08:00 ] ::1 /20160608--Exercise/shop/web/Public/Home/images/basetb.jpg
INFO: [ app_init ] --START--
INFO: Run Behavior\BuildLiteBehavior [ RunTime:0.000030s ]
INFO: [ app_init ] --END-- [ RunTime:0.000775s ]

[ 2016-12-13T13:06:18+08:00 ] ::1 /20160608--Exercise/shop/web/Public/Home/images/basetb.jpg
INFO: [ app_init ] --START--
INFO: Run Behavior\BuildLiteBehavior [ RunTime:0.000051s ]
INFO: [ app_init ] --END-- [ RunTime:0.001234s ]

[ 2016-12-13T13:06:20+08:00 ] ::1 /20160608--Exercise/shop/web/Public/Home/images/basetb.jpg
INFO: [ app_init ] --START--
INFO: Run Behavior\BuildLiteBehavior [ RunTime:0.000064s ]
INFO: [ app_init ] --END-- [ RunTime:0.003153s ]

[ 2016-12-13T13:06:22+08:00 ] ::1 /20160608--Exercise/shop/web/Public/Home/images/basetb.jpg
INFO: [ app_init ] --START--
INFO: Run Behavior\BuildLiteBehavior [ RunTime:0.000053s ]
INFO: [ app_init ] --END-- [ RunTime:0.001482s ]

[ 2016-12-13T13:06:24+08:00 ] ::1 /20160608--Exercise/shop/web/Public/Home/images/detail_r.gif
INFO: [ app_init ] --START--
INFO: Run Behavior\BuildLiteBehavior [ RunTime:0.000043s ]
INFO: [ app_init ] --END-- [ RunTime:0.001241s ]

[ 2016-12-13T13:06:24+08:00 ] ::1 /20160608--Exercise/shop/web/Public/Home/images/basetb.jpg
INFO: [ app_init ] --START--
INFO: Run Behavior\BuildLiteBehavior [ RunTime:0.000052s ]
INFO: [ app_init ] --END-- [ RunTime:0.001111s ]

[ 2016-12-13T13:06:25+08:00 ] ::1 /20160608--Exercise/shop/web/Public/Home/images/basetb.jpg
INFO: [ app_init ] --START--
INFO: Run Behavior\BuildLiteBehavior [ RunTime:0.000065s ]
INFO: [ app_init ] --END-- [ RunTime:0.001936s ]

[ 2016-12-13T13:06:36+08:00 ] ::1 /20160608--Exercise/shop/web/Public/Home/images/basetb.jpg
INFO: [ app_init ] --START--
INFO: Run Behavior\BuildLiteBehavior [ RunTime:0.000035s ]
INFO: [ app_init ] --END-- [ RunTime:0.000887s ]

[ 2016-12-13T13:06:59+08:00 ] ::1 /20160608--Exercise/shop/web/Public/Home/images/basetb.jpg
INFO: [ app_init ] --START--
INFO: Run Behavior\BuildLiteBehavior [ RunTime:0.000046s ]
INFO: [ app_init ] --END-- [ RunTime:0.001060s ]

[ 2016-12-13T13:19:20+08:00 ] ::1 /20160608--Exercise/shop/web/Public/Home/images/basetb.jpg
INFO: [ app_init ] --START--
INFO: Run Behavior\BuildLiteBehavior [ RunTime:0.000030s ]
INFO: [ app_init ] --END-- [ RunTime:0.001563s ]

[ 2016-12-13T13:19:32+08:00 ] ::1 /20160608--Exercise/shop/web/Public/Home/images/basetb.jpg
INFO: [ app_init ] --START--
INFO: Run Behavior\BuildLiteBehavior [ RunTime:0.000045s ]
INFO: [ app_init ] --END-- [ RunTime:0.001123s ]

[ 2016-12-13T13:19:32+08:00 ] ::1 /20160608--Exercise/shop/web/Public/Home/images/detail_r.gif
INFO: [ app_init ] --START--
INFO: Run Behavior\BuildLiteBehavior [ RunTime:0.000050s ]
INFO: [ app_init ] --END-- [ RunTime:0.001468s ]

[ 2016-12-13T13:45:45+08:00 ] ::1 /20160608--Exercise/shop/web/Public/Home/images/detail_r.gif
INFO: [ app_init ] --START--
INFO: Run Behavior\BuildLiteBehavior [ RunTime:0.000042s ]
INFO: [ app_init ] --END-- [ RunTime:0.001185s ]

[ 2016-12-13T13:45:45+08:00 ] ::1 /20160608--Exercise/shop/web/Public/Home/images/basetb.jpg
INFO: [ app_init ] --START--
INFO: Run Behavior\BuildLiteBehavior [ RunTime:0.000040s ]
INFO: [ app_init ] --END-- [ RunTime:0.001118s ]

[ 2016-12-13T13:46:01+08:00 ] ::1 /20160608--Exercise/shop/web/Public/Home/images/basetb.jpg
INFO: [ app_init ] --START--
INFO: Run Behavior\BuildLiteBehavior [ RunTime:0.000044s ]
INFO: [ app_init ] --END-- [ RunTime:0.001082s ]

[ 2016-12-13T13:46:01+08:00 ] ::1 /20160608--Exercise/shop/web/Public/Home/images/detail_r.gif
INFO: [ app_init ] --START--
INFO: Run Behavior\BuildLiteBehavior [ RunTime:0.000027s ]
INFO: [ app_init ] --END-- [ RunTime:0.000727s ]

[ 2016-12-13T13:46:04+08:00 ] ::1 /20160608--Exercise/shop/web/Public/Home/images/basetb.jpg
INFO: [ app_init ] --START--
INFO: Run Behavior\BuildLiteBehavior [ RunTime:0.000037s ]
INFO: [ app_init ] --END-- [ RunTime:0.000958s ]

[ 2016-12-13T13:46:53+08:00 ] ::1 /20160608--Exercise/shop/web/Public/Home/images/basetb.jpg
INFO: [ app_init ] --START--
INFO: Run Behavior\BuildLiteBehavior [ RunTime:0.000045s ]
INFO: [ app_init ] --END-- [ RunTime:0.001235s ]

[ 2016-12-13T13:47:04+08:00 ] ::1 /20160608--Exercise/shop/web/Public/Home/images/detail_r.gif
INFO: [ app_init ] --START--
INFO: Run Behavior\BuildLiteBehavior [ RunTime:0.000046s ]
INFO: [ app_init ] --END-- [ RunTime:0.000952s ]

[ 2016-12-13T13:47:04+08:00 ] ::1 /20160608--Exercise/shop/web/Public/Home/images/basetb.jpg
INFO: [ app_init ] --START--
INFO: Run Behavior\BuildLiteBehavior [ RunTime:0.000049s ]
INFO: [ app_init ] --END-- [ RunTime:0.002291s ]

[ 2016-12-13T13:47:40+08:00 ] ::1 /20160608--Exercise/shop/web/Public/Home/images/basetb.jpg
INFO: [ app_init ] --START--
INFO: Run Behavior\BuildLiteBehavior [ RunTime:0.000040s ]
INFO: [ app_init ] --END-- [ RunTime:0.000911s ]

[ 2016-12-13T13:48:02+08:00 ] ::1 /20160608--Exercise/shop/web/Public/Home/images/basetb.jpg
INFO: [ app_init ] --START--
INFO: Run Behavior\BuildLiteBehavior [ RunTime:0.000034s ]
INFO: [ app_init ] --END-- [ RunTime:0.000886s ]

[ 2016-12-13T13:48:03+08:00 ] ::1 /20160608--Exercise/shop/web/Public/Home/images/basetb.jpg
INFO: [ app_init ] --START--
INFO: Run Behavior\BuildLiteBehavior [ RunTime:0.000038s ]
INFO: [ app_init ] --END-- [ RunTime:0.000992s ]

[ 2016-12-13T13:48:10+08:00 ] ::1 /20160608--Exercise/shop/web/Public/Home/images/basetb.jpg
INFO: [ app_init ] --START--
INFO: Run Behavior\BuildLiteBehavior [ RunTime:0.000046s ]
INFO: [ app_init ] --END-- [ RunTime:0.001146s ]

[ 2016-12-13T13:48:12+08:00 ] ::1 /20160608--Exercise/shop/web/Public/Home/images/detail_r.gif
INFO: [ app_init ] --START--
INFO: Run Behavior\BuildLiteBehavior [ RunTime:0.000045s ]
INFO: [ app_init ] --END-- [ RunTime:0.001126s ]

[ 2016-12-13T13:48:12+08:00 ] ::1 /20160608--Exercise/shop/web/Public/Home/images/basetb.jpg
INFO: [ app_init ] --START--
INFO: Run Behavior\BuildLiteBehavior [ RunTime:0.000042s ]
INFO: [ app_init ] --END-- [ RunTime:0.000826s ]

[ 2016-12-13T13:48:18+08:00 ] ::1 /20160608--Exercise/shop/web/Public/Home/images/basetb.jpg
INFO: [ app_init ] --START--
INFO: Run Behavior\BuildLiteBehavior [ RunTime:0.000044s ]
INFO: [ app_init ] --END-- [ RunTime:0.001128s ]

[ 2016-12-13T14:13:34+08:00 ] ::1 /20160608--Exercise/shop/web/Public/Home/images/basetb.jpg
INFO: [ app_init ] --START--
INFO: Run Behavior\BuildLiteBehavior [ RunTime:0.000028s ]
INFO: [ app_init ] --END-- [ RunTime:0.000826s ]

[ 2016-12-13T14:13:36+08:00 ] ::1 /20160608--Exercise/shop/web/Public/Home/images/detail_r.gif
INFO: [ app_init ] --START--
INFO: Run Behavior\BuildLiteBehavior [ RunTime:0.000047s ]
INFO: [ app_init ] --END-- [ RunTime:0.001269s ]

[ 2016-12-13T14:13:36+08:00 ] ::1 /20160608--Exercise/shop/web/Public/Home/images/basetb.jpg
INFO: [ app_init ] --START--
INFO: Run Behavior\BuildLiteBehavior [ RunTime:0.000098s ]
INFO: [ app_init ] --END-- [ RunTime:0.002095s ]

[ 2016-12-13T14:13:39+08:00 ] ::1 /20160608--Exercise/shop/web/Public/Home/images/basetb.jpg
INFO: [ app_init ] --START--
INFO: Run Behavior\BuildLiteBehavior [ RunTime:0.000043s ]
INFO: [ app_init ] --END-- [ RunTime:0.001043s ]

[ 2016-12-13T14:13:40+08:00 ] ::1 /20160608--Exercise/shop/web/Public/Home/images/detail_r.gif
INFO: [ app_init ] --START--
INFO: Run Behavior\BuildLiteBehavior [ RunTime:0.000046s ]
INFO: [ app_init ] --END-- [ RunTime:0.000972s ]

[ 2016-12-13T14:13:41+08:00 ] ::1 /20160608--Exercise/shop/web/Public/Home/images/basetb.jpg
INFO: [ app_init ] --START--
INFO: Run Behavior\BuildLiteBehavior [ RunTime:0.000076s ]
INFO: [ app_init ] --END-- [ RunTime:0.005050s ]

[ 2016-12-13T14:13:42+08:00 ] ::1 /20160608--Exercise/shop/web/Public/Home/images/detail_r.gif
INFO: [ app_init ] --START--
INFO: Run Behavior\BuildLiteBehavior [ RunTime:0.000044s ]
INFO: [ app_init ] --END-- [ RunTime:0.000908s ]

[ 2016-12-13T14:13:42+08:00 ] ::1 /20160608--Exercise/shop/web/Public/Home/images/basetb.jpg
INFO: [ app_init ] --START--
INFO: Run Behavior\BuildLiteBehavior [ RunTime:0.000044s ]
INFO: [ app_init ] --END-- [ RunTime:0.001035s ]

[ 2016-12-13T14:13:49+08:00 ] ::1 /20160608--Exercise/shop/web/Public/Home/images/basetb.jpg
INFO: [ app_init ] --START--
INFO: Run Behavior\BuildLiteBehavior [ RunTime:0.000122s ]
INFO: [ app_init ] --END-- [ RunTime:0.001266s ]

[ 2016-12-13T14:14:43+08:00 ] ::1 /20160608--Exercise/shop/web/Public/Home/images/basetb.jpg
INFO: [ app_init ] --START--
INFO: Run Behavior\BuildLiteBehavior [ RunTime:0.000044s ]
INFO: [ app_init ] --END-- [ RunTime:0.001610s ]

[ 2016-12-13T14:14:45+08:00 ] ::1 /20160608--Exercise/shop/web/Public/Home/images/detail_r.gif
INFO: [ app_init ] --START--
INFO: Run Behavior\BuildLiteBehavior [ RunTime:0.000048s ]
INFO: [ app_init ] --END-- [ RunTime:0.001244s ]

[ 2016-12-13T14:14:45+08:00 ] ::1 /20160608--Exercise/shop/web/Public/Home/images/basetb.jpg
INFO: [ app_init ] --START--
INFO: Run Behavior\BuildLiteBehavior [ RunTime:0.000075s ]
INFO: [ app_init ] --END-- [ RunTime:0.001757s ]

[ 2016-12-13T14:18:22+08:00 ] ::1 /20160608--Exercise/shop/web/Public/Home/images/basetb.jpg
INFO: [ app_init ] --START--
INFO: Run Behavior\BuildLiteBehavior [ RunTime:0.000039s ]
INFO: [ app_init ] --END-- [ RunTime:0.001089s ]

[ 2016-12-13T14:25:07+08:00 ] ::1 /20160608--Exercise/shop/web/Public/Home/images/basetb.jpg
INFO: [ app_init ] --START--
INFO: Run Behavior\BuildLiteBehavior [ RunTime:0.000028s ]
INFO: [ app_init ] --END-- [ RunTime:0.000685s ]

[ 2016-12-13T14:25:13+08:00 ] ::1 /20160608--Exercise/shop/web/Public/Home/images/basetb.jpg
INFO: [ app_init ] --START--
INFO: Run Behavior\BuildLiteBehavior [ RunTime:0.000028s ]
INFO: [ app_init ] --END-- [ RunTime:0.001003s ]

[ 2016-12-13T14:25:15+08:00 ] ::1 /20160608--Exercise/shop/web/Public/Home/images/detail_r.gif
INFO: [ app_init ] --START--
INFO: Run Behavior\BuildLiteBehavior [ RunTime:0.000044s ]
INFO: [ app_init ] --END-- [ RunTime:0.001024s ]

[ 2016-12-13T14:25:15+08:00 ] ::1 /20160608--Exercise/shop/web/Public/Home/images/basetb.jpg
INFO: [ app_init ] --START--
INFO: Run Behavior\BuildLiteBehavior [ RunTime:0.000038s ]
INFO: [ app_init ] --END-- [ RunTime:0.001083s ]

[ 2016-12-13T14:25:47+08:00 ] ::1 /20160608--Exercise/shop/web/Public/Home/images/basetb.jpg
INFO: [ app_init ] --START--
INFO: Run Behavior\BuildLiteBehavior [ RunTime:0.000042s ]
INFO: [ app_init ] --END-- [ RunTime:0.000950s ]

[ 2016-12-13T14:28:41+08:00 ] ::1 /20160608--Exercise/shop/web/Public/Home/images/basetb.jpg
INFO: [ app_init ] --START--
INFO: Run Behavior\BuildLiteBehavior [ RunTime:0.000054s ]
INFO: [ app_init ] --END-- [ RunTime:0.001097s ]

[ 2016-12-13T14:28:42+08:00 ] ::1 /20160608--Exercise/shop/web/Public/Home/images/basetb.jpg
INFO: [ app_init ] --START--
INFO: Run Behavior\BuildLiteBehavior [ RunTime:0.000026s ]
INFO: [ app_init ] --END-- [ RunTime:0.000701s ]

[ 2016-12-13T14:28:45+08:00 ] ::1 /20160608--Exercise/shop/web/Public/Home/images/basetb.jpg
INFO: [ app_init ] --START--
INFO: Run Behavior\BuildLiteBehavior [ RunTime:0.000045s ]
INFO: [ app_init ] --END-- [ RunTime:0.001164s ]

[ 2016-12-13T14:30:20+08:00 ] ::1 /20160608--Exercise/shop/web/Public/Home/images/basetb.jpg
INFO: [ app_init ] --START--
INFO: Run Behavior\BuildLiteBehavior [ RunTime:0.000028s ]
INFO: [ app_init ] --END-- [ RunTime:0.001056s ]

[ 2016-12-13T14:33:12+08:00 ] ::1 /20160608--Exercise/shop/web/Public/Home/images/basetb.jpg
INFO: [ app_init ] --START--
INFO: Run Behavior\BuildLiteBehavior [ RunTime:0.000067s ]
INFO: [ app_init ] --END-- [ RunTime:0.001281s ]

[ 2016-12-13T14:33:24+08:00 ] ::1 /20160608--Exercise/shop/web/Public/Home/images/basetb.jpg
INFO: [ app_init ] --START--
INFO: Run Behavior\BuildLiteBehavior [ RunTime:0.000046s ]
INFO: [ app_init ] --END-- [ RunTime:0.001007s ]

[ 2016-12-13T14:33:24+08:00 ] ::1 /20160608--Exercise/shop/web/Public/Home/images/detail_r.gif
INFO: [ app_init ] --START--
INFO: Run Behavior\BuildLiteBehavior [ RunTime:0.000043s ]
INFO: [ app_init ] --END-- [ RunTime:0.001027s ]

[ 2016-12-13T14:33:32+08:00 ] ::1 /20160608--Exercise/shop/web/Public/Home/images/basetb.jpg
INFO: [ app_init ] --START--
INFO: Run Behavior\BuildLiteBehavior [ RunTime:0.000050s ]
INFO: [ app_init ] --END-- [ RunTime:0.001033s ]

[ 2016-12-13T14:33:37+08:00 ] ::1 /20160608--Exercise/shop/web/Public/Home/images/basetb.jpg
INFO: [ app_init ] --START--
INFO: Run Behavior\BuildLiteBehavior [ RunTime:0.000043s ]
INFO: [ app_init ] --END-- [ RunTime:0.000962s ]

[ 2016-12-13T14:33:51+08:00 ] ::1 /20160608--Exercise/shop/web/Public/Home/images/basetb.jpg
INFO: [ app_init ] --START--
INFO: Run Behavior\BuildLiteBehavior [ RunTime:0.000027s ]
INFO: [ app_init ] --END-- [ RunTime:0.000678s ]

[ 2016-12-13T14:33:53+08:00 ] ::1 /20160608--Exercise/shop/web/Public/Home/images/botbggray.jpg
INFO: [ app_init ] --START--
INFO: Run Behavior\BuildLiteBehavior [ RunTime:0.000044s ]
INFO: [ app_init ] --END-- [ RunTime:0.001033s ]

[ 2016-12-13T14:33:53+08:00 ] ::1 /20160608--Exercise/shop/web/Public/Home/images/basetb.jpg
INFO: [ app_init ] --START--
INFO: Run Behavior\BuildLiteBehavior [ RunTime:0.000026s ]
INFO: [ app_init ] --END-- [ RunTime:0.000688s ]

[ 2016-12-13T14:46:35+08:00 ] ::1 /20160608--Exercise/shop/web/Public/Home/images/botbggray.jpg
INFO: [ app_init ] --START--
INFO: Run Behavior\BuildLiteBehavior [ RunTime:0.000045s ]
INFO: [ app_init ] --END-- [ RunTime:0.001163s ]

[ 2016-12-13T14:46:35+08:00 ] ::1 /20160608--Exercise/shop/web/Public/Home/images/basetb.jpg
INFO: [ app_init ] --START--
INFO: Run Behavior\BuildLiteBehavior [ RunTime:0.000050s ]
INFO: [ app_init ] --END-- [ RunTime:0.001623s ]

[ 2016-12-13T14:46:35+08:00 ] ::1 /20160608--Exercise/shop/web/Public/Home/images/basetb.jpg
INFO: [ app_init ] --START--
INFO: Run Behavior\BuildLiteBehavior [ RunTime:0.000027s ]
INFO: [ app_init ] --END-- [ RunTime:0.000756s ]

[ 2016-12-13T14:46:37+08:00 ] ::1 /20160608--Exercise/shop/web/Public/Home/images/basetb.jpg
INFO: [ app_init ] --START--
INFO: Run Behavior\BuildLiteBehavior [ RunTime:0.000044s ]
INFO: [ app_init ] --END-- [ RunTime:0.001089s ]

[ 2016-12-13T14:49:25+08:00 ] ::1 /20160608--Exercise/shop/web/Public/Home/images/basetb.jpg
INFO: [ app_init ] --START--
INFO: Run Behavior\BuildLiteBehavior [ RunTime:0.000046s ]
INFO: [ app_init ] --END-- [ RunTime:0.001004s ]

[ 2016-12-13T14:49:25+08:00 ] ::1 /20160608--Exercise/shop/web/Public/Home/images/detail_r.gif
INFO: [ app_init ] --START--
INFO: Run Behavior\BuildLiteBehavior [ RunTime:0.000058s ]
INFO: [ app_init ] --END-- [ RunTime:0.001874s ]

[ 2016-12-13T14:55:55+08:00 ] ::1 /20160608--Exercise/shop/web/Public/Home/images/basetb.jpg
INFO: [ app_init ] --START--
INFO: Run Behavior\BuildLiteBehavior [ RunTime:0.000048s ]
INFO: [ app_init ] --END-- [ RunTime:0.001497s ]

[ 2016-12-13T14:55:55+08:00 ] ::1 /20160608--Exercise/shop/web/Public/Home/images/detail_r.gif
INFO: [ app_init ] --START--
INFO: Run Behavior\BuildLiteBehavior [ RunTime:0.000067s ]
INFO: [ app_init ] --END-- [ RunTime:0.001068s ]

[ 2016-12-13T15:04:55+08:00 ] ::1 /20160608--Exercise/shop/web/Public/Home/images/basetb.jpg
INFO: [ app_init ] --START--
INFO: Run Behavior\BuildLiteBehavior [ RunTime:0.000040s ]
INFO: [ app_init ] --END-- [ RunTime:0.001064s ]

[ 2016-12-13T15:04:55+08:00 ] ::1 /20160608--Exercise/shop/web/Public/Home/images/detail_r.gif
INFO: [ app_init ] --START--
INFO: Run Behavior\BuildLiteBehavior [ RunTime:0.000047s ]
INFO: [ app_init ] --END-- [ RunTime:0.001958s ]

[ 2016-12-13T15:07:17+08:00 ] ::1 /20160608--Exercise/shop/web/Public/Home/images/basetb.jpg
INFO: [ app_init ] --START--
INFO: Run Behavior\BuildLiteBehavior [ RunTime:0.000042s ]
INFO: [ app_init ] --END-- [ RunTime:0.000989s ]

[ 2016-12-13T15:07:17+08:00 ] ::1 /20160608--Exercise/shop/web/Public/Home/images/detail_r.gif
INFO: [ app_init ] --START--
INFO: Run Behavior\BuildLiteBehavior [ RunTime:0.000045s ]
INFO: [ app_init ] --END-- [ RunTime:0.000901s ]

[ 2016-12-13T15:07:22+08:00 ] ::1 /20160608--Exercise/shop/web/Public/Home/images/detail_r.gif
INFO: [ app_init ] --START--
INFO: Run Behavior\BuildLiteBehavior [ RunTime:0.000048s ]
INFO: [ app_init ] --END-- [ RunTime:0.001223s ]

[ 2016-12-13T15:07:22+08:00 ] ::1 /20160608--Exercise/shop/web/Public/Home/images/basetb.jpg
INFO: [ app_init ] --START--
INFO: Run Behavior\BuildLiteBehavior [ RunTime:0.000045s ]
INFO: [ app_init ] --END-- [ RunTime:0.001060s ]

[ 2016-12-13T15:07:24+08:00 ] ::1 /20160608--Exercise/shop/web/Public/Home/images/detail_r.gif
INFO: [ app_init ] --START--
INFO: Run Behavior\BuildLiteBehavior [ RunTime:0.000056s ]
INFO: [ app_init ] --END-- [ RunTime:0.001130s ]

[ 2016-12-13T15:07:24+08:00 ] ::1 /20160608--Exercise/shop/web/Public/Home/images/basetb.jpg
INFO: [ app_init ] --START--
INFO: Run Behavior\BuildLiteBehavior [ RunTime:0.000047s ]
INFO: [ app_init ] --END-- [ RunTime:0.001151s ]

[ 2016-12-13T15:08:01+08:00 ] ::1 /20160608--Exercise/shop/web/Public/Home/images/basetb.jpg
INFO: [ app_init ] --START--
INFO: Run Behavior\BuildLiteBehavior [ RunTime:0.000025s ]
INFO: [ app_init ] --END-- [ RunTime:0.000593s ]

[ 2016-12-13T15:08:02+08:00 ] ::1 /20160608--Exercise/shop/web/Public/Home/images/detail_r.gif
INFO: [ app_init ] --START--
INFO: Run Behavior\BuildLiteBehavior [ RunTime:0.000047s ]
INFO: [ app_init ] --END-- [ RunTime:0.001300s ]

[ 2016-12-13T15:08:02+08:00 ] ::1 /20160608--Exercise/shop/web/Public/Home/images/basetb.jpg
INFO: [ app_init ] --START--
INFO: Run Behavior\BuildLiteBehavior [ RunTime:0.000042s ]
INFO: [ app_init ] --END-- [ RunTime:0.000938s ]

[ 2016-12-13T15:08:05+08:00 ] ::1 /20160608--Exercise/shop/web/Public/Home/images/basetb.jpg
INFO: [ app_init ] --START--
INFO: Run Behavior\BuildLiteBehavior [ RunTime:0.000112s ]
INFO: [ app_init ] --END-- [ RunTime:0.001338s ]

[ 2016-12-13T15:08:07+08:00 ] ::1 /20160608--Exercise/shop/web/Public/Home/images/detail_r.gif
INFO: [ app_init ] --START--
INFO: Run Behavior\BuildLiteBehavior [ RunTime:0.000041s ]
INFO: [ app_init ] --END-- [ RunTime:0.000892s ]

[ 2016-12-13T15:08:07+08:00 ] ::1 /20160608--Exercise/shop/web/Public/Home/images/basetb.jpg
INFO: [ app_init ] --START--
INFO: Run Behavior\BuildLiteBehavior [ RunTime:0.000043s ]
INFO: [ app_init ] --END-- [ RunTime:0.001019s ]

[ 2016-12-13T15:08:12+08:00 ] ::1 /20160608--Exercise/shop/web/Public/Home/images/basetb.jpg
INFO: [ app_init ] --START--
INFO: Run Behavior\BuildLiteBehavior [ RunTime:0.000027s ]
INFO: [ app_init ] --END-- [ RunTime:0.000682s ]

[ 2016-12-13T15:08:14+08:00 ] ::1 /20160608--Exercise/shop/web/Public/Home/images/detail_r.gif
INFO: [ app_init ] --START--
INFO: Run Behavior\BuildLiteBehavior [ RunTime:0.000038s ]
INFO: [ app_init ] --END-- [ RunTime:0.000847s ]

[ 2016-12-13T15:08:14+08:00 ] ::1 /20160608--Exercise/shop/web/Public/Home/images/basetb.jpg
INFO: [ app_init ] --START--
INFO: Run Behavior\BuildLiteBehavior [ RunTime:0.000041s ]
INFO: [ app_init ] --END-- [ RunTime:0.000996s ]

[ 2016-12-13T15:09:08+08:00 ] ::1 /20160608--Exercise/shop/web/Public/Home/images/basetb.jpg
INFO: [ app_init ] --START--
INFO: Run Behavior\BuildLiteBehavior [ RunTime:0.000051s ]
INFO: [ app_init ] --END-- [ RunTime:0.001051s ]

[ 2016-12-13T15:09:19+08:00 ] ::1 /20160608--Exercise/shop/web/Public/Home/images/basetb.jpg
INFO: [ app_init ] --START--
INFO: Run Behavior\BuildLiteBehavior [ RunTime:0.000049s ]
INFO: [ app_init ] --END-- [ RunTime:0.001143s ]

[ 2016-12-13T15:09:19+08:00 ] ::1 /20160608--Exercise/shop/web/Public/Home/images/basetb.jpg
INFO: [ app_init ] --START--
INFO: Run Behavior\BuildLiteBehavior [ RunTime:0.000046s ]
INFO: [ app_init ] --END-- [ RunTime:0.001350s ]

[ 2016-12-13T15:09:22+08:00 ] ::1 /20160608--Exercise/shop/web/Public/Home/images/detail_r.gif
INFO: [ app_init ] --START--
INFO: Run Behavior\BuildLiteBehavior [ RunTime:0.000049s ]
INFO: [ app_init ] --END-- [ RunTime:0.001015s ]

[ 2016-12-13T15:09:22+08:00 ] ::1 /20160608--Exercise/shop/web/Public/Home/images/basetb.jpg
INFO: [ app_init ] --START--
INFO: Run Behavior\BuildLiteBehavior [ RunTime:0.000042s ]
INFO: [ app_init ] --END-- [ RunTime:0.001043s ]

[ 2016-12-13T15:10:38+08:00 ] ::1 /20160608--Exercise/shop/web/Public/Home/images/basetb.jpg
INFO: [ app_init ] --START--
INFO: Run Behavior\BuildLiteBehavior [ RunTime:0.000047s ]
INFO: [ app_init ] --END-- [ RunTime:0.001226s ]

[ 2016-12-13T15:10:38+08:00 ] ::1 /20160608--Exercise/shop/web/Public/Home/images/detail_r.gif
INFO: [ app_init ] --START--
INFO: Run Behavior\BuildLiteBehavior [ RunTime:0.000031s ]
INFO: [ app_init ] --END-- [ RunTime:0.001262s ]

[ 2016-12-13T15:17:40+08:00 ] ::1 /20160608--Exercise/shop/web/Public/Home/images/basetb.jpg
INFO: [ app_init ] --START--
INFO: Run Behavior\BuildLiteBehavior [ RunTime:0.000061s ]
INFO: [ app_init ] --END-- [ RunTime:0.001528s ]

[ 2016-12-13T15:17:49+08:00 ] ::1 /20160608--Exercise/shop/web/Public/Home/images/basetb.jpg
INFO: [ app_init ] --START--
INFO: Run Behavior\BuildLiteBehavior [ RunTime:0.000047s ]
INFO: [ app_init ] --END-- [ RunTime:0.001138s ]

[ 2016-12-13T15:17:50+08:00 ] ::1 /20160608--Exercise/shop/web/Public/Home/images/basetb.jpg
INFO: [ app_init ] --START--
INFO: Run Behavior\BuildLiteBehavior [ RunTime:0.000057s ]
INFO: [ app_init ] --END-- [ RunTime:0.001161s ]

[ 2016-12-13T15:18:03+08:00 ] ::1 /20160608--Exercise/shop/web/Public/Home/images/basetb.jpg
INFO: [ app_init ] --START--
INFO: Run Behavior\BuildLiteBehavior [ RunTime:0.000045s ]
INFO: [ app_init ] --END-- [ RunTime:0.000995s ]

[ 2016-12-13T15:18:07+08:00 ] ::1 /20160608--Exercise/shop/web/Public/Home/images/detail_r.gif
INFO: [ app_init ] --START--
INFO: Run Behavior\BuildLiteBehavior [ RunTime:0.000044s ]
INFO: [ app_init ] --END-- [ RunTime:0.001064s ]

[ 2016-12-13T15:18:07+08:00 ] ::1 /20160608--Exercise/shop/web/Public/Home/images/basetb.jpg
INFO: [ app_init ] --START--
INFO: Run Behavior\BuildLiteBehavior [ RunTime:0.000049s ]
INFO: [ app_init ] --END-- [ RunTime:0.001092s ]

[ 2016-12-13T15:18:10+08:00 ] ::1 /20160608--Exercise/shop/web/Public/Home/images/basetb.jpg
INFO: [ app_init ] --START--
INFO: Run Behavior\BuildLiteBehavior [ RunTime:0.000044s ]
INFO: [ app_init ] --END-- [ RunTime:0.000941s ]

[ 2016-12-13T15:26:41+08:00 ] ::1 /20160608--Exercise/shop/web/Public/Home/images/basetb.jpg
INFO: [ app_init ] --START--
INFO: Run Behavior\BuildLiteBehavior [ RunTime:0.000051s ]
INFO: [ app_init ] --END-- [ RunTime:0.001241s ]

[ 2016-12-13T15:32:28+08:00 ] ::1 /20160608--Exercise/shop/web/Public/Home/images/basetb.jpg
INFO: [ app_init ] --START--
INFO: Run Behavior\BuildLiteBehavior [ RunTime:0.000052s ]
INFO: [ app_init ] --END-- [ RunTime:0.002148s ]

[ 2016-12-13T15:32:30+08:00 ] ::1 /20160608--Exercise/shop/web/Public/Home/images/basetb.jpg
INFO: [ app_init ] --START--
INFO: Run Behavior\BuildLiteBehavior [ RunTime:0.000049s ]
INFO: [ app_init ] --END-- [ RunTime:0.001457s ]

[ 2016-12-13T15:32:40+08:00 ] ::1 /20160608--Exercise/shop/web/Public/Home/images/basetb.jpg
INFO: [ app_init ] --START--
INFO: Run Behavior\BuildLiteBehavior [ RunTime:0.000044s ]
INFO: [ app_init ] --END-- [ RunTime:0.001007s ]

[ 2016-12-13T15:32:41+08:00 ] ::1 /20160608--Exercise/shop/web/Public/Home/images/basetb.jpg
INFO: [ app_init ] --START--
INFO: Run Behavior\BuildLiteBehavior [ RunTime:0.000042s ]
INFO: [ app_init ] --END-- [ RunTime:0.000950s ]

[ 2016-12-13T15:32:42+08:00 ] ::1 /20160608--Exercise/shop/web/Public/Home/images/basetb.jpg
INFO: [ app_init ] --START--
INFO: Run Behavior\BuildLiteBehavior [ RunTime:0.000049s ]
INFO: [ app_init ] --END-- [ RunTime:0.001395s ]

[ 2016-12-13T15:32:46+08:00 ] ::1 /20160608--Exercise/shop/web/Public/Home/images/basetb.jpg
INFO: [ app_init ] --START--
INFO: Run Behavior\BuildLiteBehavior [ RunTime:0.000045s ]
INFO: [ app_init ] --END-- [ RunTime:0.001101s ]

[ 2016-12-13T15:32:48+08:00 ] ::1 /20160608--Exercise/shop/web/Public/Home/images/basetb.jpg
INFO: [ app_init ] --START--
INFO: Run Behavior\BuildLiteBehavior [ RunTime:0.000086s ]
INFO: [ app_init ] --END-- [ RunTime:0.001074s ]

[ 2016-12-13T15:32:50+08:00 ] ::1 /20160608--Exercise/shop/web/Public/Home/images/basetb.jpg
INFO: [ app_init ] --START--
INFO: Run Behavior\BuildLiteBehavior [ RunTime:0.000046s ]
INFO: [ app_init ] --END-- [ RunTime:0.000937s ]

[ 2016-12-13T15:32:54+08:00 ] ::1 /20160608--Exercise/shop/web/Public/Home/images/basetb.jpg
INFO: [ app_init ] --START--
INFO: Run Behavior\BuildLiteBehavior [ RunTime:0.000050s ]
INFO: [ app_init ] --END-- [ RunTime:0.000996s ]

[ 2016-12-13T15:32:57+08:00 ] ::1 /20160608--Exercise/shop/web/Public/Home/images/basetb.jpg
INFO: [ app_init ] --START--
INFO: Run Behavior\BuildLiteBehavior [ RunTime:0.000041s ]
INFO: [ app_init ] --END-- [ RunTime:0.000877s ]

[ 2016-12-13T15:32:57+08:00 ] ::1 /20160608--Exercise/shop/web/Public/Home/images/detail_r.gif
INFO: [ app_init ] --START--
INFO: Run Behavior\BuildLiteBehavior [ RunTime:0.000044s ]
INFO: [ app_init ] --END-- [ RunTime:0.001223s ]

[ 2016-12-13T15:32:58+08:00 ] ::1 /20160608--Exercise/shop/web/Public/Home/images/basetb.jpg
INFO: [ app_init ] --START--
INFO: Run Behavior\BuildLiteBehavior [ RunTime:0.000041s ]
INFO: [ app_init ] --END-- [ RunTime:0.001013s ]

[ 2016-12-13T15:35:34+08:00 ] ::1 /20160608--Exercise/shop/web/Public/Home/images/basetb.jpg
INFO: [ app_init ] --START--
INFO: Run Behavior\BuildLiteBehavior [ RunTime:0.000044s ]
INFO: [ app_init ] --END-- [ RunTime:0.001008s ]

[ 2016-12-13T15:35:39+08:00 ] ::1 /20160608--Exercise/shop/web/Public/Home/images/basetb.jpg
INFO: [ app_init ] --START--
INFO: Run Behavior\BuildLiteBehavior [ RunTime:0.000045s ]
INFO: [ app_init ] --END-- [ RunTime:0.001047s ]

[ 2016-12-13T15:35:43+08:00 ] ::1 /20160608--Exercise/shop/web/Public/Home/images/detail_r.gif
INFO: [ app_init ] --START--
INFO: Run Behavior\BuildLiteBehavior [ RunTime:0.000045s ]
INFO: [ app_init ] --END-- [ RunTime:0.000984s ]

[ 2016-12-13T15:35:43+08:00 ] ::1 /20160608--Exercise/shop/web/Public/Home/images/basetb.jpg
INFO: [ app_init ] --START--
INFO: Run Behavior\BuildLiteBehavior [ RunTime:0.000042s ]
INFO: [ app_init ] --END-- [ RunTime:0.000998s ]

[ 2016-12-13T15:35:46+08:00 ] ::1 /20160608--Exercise/shop/web/Public/Home/images/basetb.jpg
INFO: [ app_init ] --START--
INFO: Run Behavior\BuildLiteBehavior [ RunTime:0.000042s ]
INFO: [ app_init ] --END-- [ RunTime:0.000985s ]

[ 2016-12-13T15:35:55+08:00 ] ::1 /20160608--Exercise/shop/web/Public/Home/images/basetb.jpg
INFO: [ app_init ] --START--
INFO: Run Behavior\BuildLiteBehavior [ RunTime:0.000049s ]
INFO: [ app_init ] --END-- [ RunTime:0.001178s ]

[ 2016-12-13T15:38:47+08:00 ] ::1 /20160608--Exercise/shop/web/Public/Home/images/basetb.jpg
INFO: [ app_init ] --START--
INFO: Run Behavior\BuildLiteBehavior [ RunTime:0.000048s ]
INFO: [ app_init ] --END-- [ RunTime:0.001138s ]

[ 2016-12-13T15:38:47+08:00 ] ::1 /20160608--Exercise/shop/web/Public/Home/images/basetb.jpg
INFO: [ app_init ] --START--
INFO: Run Behavior\BuildLiteBehavior [ RunTime:0.000049s ]
INFO: [ app_init ] --END-- [ RunTime:0.001057s ]

[ 2016-12-13T15:38:49+08:00 ] ::1 /20160608--Exercise/shop/web/Public/Home/images/basetb.jpg
INFO: [ app_init ] --START--
INFO: Run Behavior\BuildLiteBehavior [ RunTime:0.000087s ]
INFO: [ app_init ] --END-- [ RunTime:0.001622s ]

[ 2016-12-13T15:38:56+08:00 ] ::1 /20160608--Exercise/shop/web/Public/Home/images/basetb.jpg
INFO: [ app_init ] --START--
INFO: Run Behavior\BuildLiteBehavior [ RunTime:0.000044s ]
INFO: [ app_init ] --END-- [ RunTime:0.000911s ]

[ 2016-12-13T15:38:56+08:00 ] ::1 /20160608--Exercise/shop/web/Public/Home/images/detail_r.gif
INFO: [ app_init ] --START--
INFO: Run Behavior\BuildLiteBehavior [ RunTime:0.000056s ]
INFO: [ app_init ] --END-- [ RunTime:0.001156s ]

[ 2016-12-13T15:38:58+08:00 ] ::1 /20160608--Exercise/shop/web/Public/Home/images/basetb.jpg
INFO: [ app_init ] --START--
INFO: Run Behavior\BuildLiteBehavior [ RunTime:0.000048s ]
INFO: [ app_init ] --END-- [ RunTime:0.001030s ]

[ 2016-12-13T15:39:00+08:00 ] ::1 /20160608--Exercise/shop/web/Public/Home/images/basetb.jpg
INFO: [ app_init ] --START--
INFO: Run Behavior\BuildLiteBehavior [ RunTime:0.000050s ]
INFO: [ app_init ] --END-- [ RunTime:0.000917s ]

[ 2016-12-13T15:39:51+08:00 ] ::1 /20160608--Exercise/shop/web/Public/Home/images/basetb.jpg
INFO: [ app_init ] --START--
INFO: Run Behavior\BuildLiteBehavior [ RunTime:0.000029s ]
INFO: [ app_init ] --END-- [ RunTime:0.000681s ]

[ 2016-12-13T15:39:55+08:00 ] ::1 /20160608--Exercise/shop/web/Public/Home/images/basetb.jpg
INFO: [ app_init ] --START--
INFO: Run Behavior\BuildLiteBehavior [ RunTime:0.000024s ]
INFO: [ app_init ] --END-- [ RunTime:0.000581s ]

[ 2016-12-13T15:39:58+08:00 ] ::1 /20160608--Exercise/shop/web/Public/Home/images/basetb.jpg
INFO: [ app_init ] --START--
INFO: Run Behavior\BuildLiteBehavior [ RunTime:0.000029s ]
INFO: [ app_init ] --END-- [ RunTime:0.000782s ]

[ 2016-12-13T15:40:00+08:00 ] ::1 /20160608--Exercise/shop/web/Public/Home/images/detail_r.gif
INFO: [ app_init ] --START--
INFO: Run Behavior\BuildLiteBehavior [ RunTime:0.000042s ]
INFO: [ app_init ] --END-- [ RunTime:0.000891s ]

[ 2016-12-13T15:40:00+08:00 ] ::1 /20160608--Exercise/shop/web/Public/Home/images/basetb.jpg
INFO: [ app_init ] --START--
INFO: Run Behavior\BuildLiteBehavior [ RunTime:0.000045s ]
INFO: [ app_init ] --END-- [ RunTime:0.001043s ]

[ 2016-12-13T15:40:04+08:00 ] ::1 /20160608--Exercise/shop/web/Public/Home/images/basetb.jpg
INFO: [ app_init ] --START--
INFO: Run Behavior\BuildLiteBehavior [ RunTime:0.000029s ]
INFO: [ app_init ] --END-- [ RunTime:0.000769s ]

[ 2016-12-13T15:40:06+08:00 ] ::1 /20160608--Exercise/shop/web/Public/Home/images/basetb.jpg
INFO: [ app_init ] --START--
INFO: Run Behavior\BuildLiteBehavior [ RunTime:0.000027s ]
INFO: [ app_init ] --END-- [ RunTime:0.000633s ]

[ 2016-12-13T15:41:57+08:00 ] ::1 /20160608--Exercise/shop/web/Public/Home/images/basetb.jpg
INFO: [ app_init ] --START--
INFO: Run Behavior\BuildLiteBehavior [ RunTime:0.000042s ]
INFO: [ app_init ] --END-- [ RunTime:0.000878s ]

[ 2016-12-13T15:44:04+08:00 ] ::1 /20160608--Exercise/shop/web/Public/Home/images/basetb.jpg
INFO: [ app_init ] --START--
INFO: Run Behavior\BuildLiteBehavior [ RunTime:0.000046s ]
INFO: [ app_init ] --END-- [ RunTime:0.001153s ]

[ 2016-12-13T15:44:05+08:00 ] ::1 /20160608--Exercise/shop/web/Public/Home/images/basetb.jpg
INFO: [ app_init ] --START--
INFO: Run Behavior\BuildLiteBehavior [ RunTime:0.000045s ]
INFO: [ app_init ] --END-- [ RunTime:0.001045s ]

[ 2016-12-13T15:44:27+08:00 ] ::1 /20160608--Exercise/shop/web/Public/Home/images/detail_r.gif
INFO: [ app_init ] --START--
INFO: Run Behavior\BuildLiteBehavior [ RunTime:0.000045s ]
INFO: [ app_init ] --END-- [ RunTime:0.001396s ]

[ 2016-12-13T15:44:27+08:00 ] ::1 /20160608--Exercise/shop/web/Public/Home/images/basetb.jpg
INFO: [ app_init ] --START--
INFO: Run Behavior\BuildLiteBehavior [ RunTime:0.000047s ]
INFO: [ app_init ] --END-- [ RunTime:0.001154s ]

[ 2016-12-13T15:44:46+08:00 ] ::1 /20160608--Exercise/shop/web/Public/Home/images/basetb.jpg
INFO: [ app_init ] --START--
INFO: Run Behavior\BuildLiteBehavior [ RunTime:0.000043s ]
INFO: [ app_init ] --END-- [ RunTime:0.000954s ]

[ 2016-12-13T15:44:58+08:00 ] ::1 /20160608--Exercise/shop/web/Public/Home/images/basetb.jpg
INFO: [ app_init ] --START--
INFO: Run Behavior\BuildLiteBehavior [ RunTime:0.000033s ]
INFO: [ app_init ] --END-- [ RunTime:0.000749s ]

[ 2016-12-13T15:45:33+08:00 ] ::1 /20160608--Exercise/shop/web/Public/Home/images/basetb.jpg
INFO: [ app_init ] --START--
INFO: Run Behavior\BuildLiteBehavior [ RunTime:0.000041s ]
INFO: [ app_init ] --END-- [ RunTime:0.000938s ]

