[ 2016-12-23T13:37:40+08:00 ] ::1 /20160608--Exercise/shop/web/Public/Home/images/basetb.jpg
INFO: [ app_init ] --START--
INFO: Run Behavior\BuildLiteBehavior [ RunTime:0.000111s ]
INFO: [ app_init ] --END-- [ RunTime:0.002698s ]

[ 2016-12-23T13:37:46+08:00 ] ::1 /20160608--Exercise/shop/web/Public/Home/images/basetb.jpg
INFO: [ app_init ] --START--
INFO: Run Behavior\BuildLiteBehavior [ RunTime:0.000115s ]
INFO: [ app_init ] --END-- [ RunTime:0.002339s ]

[ 2016-12-23T13:37:47+08:00 ] ::1 /20160608--Exercise/shop/web/Public/Home/images/basetb.jpg
INFO: [ app_init ] --START--
INFO: Run Behavior\BuildLiteBehavior [ RunTime:0.000044s ]
INFO: [ app_init ] --END-- [ RunTime:0.001592s ]

[ 2016-12-23T13:37:50+08:00 ] ::1 /20160608--Exercise/shop/web/Public/Home/images/basetb.jpg
INFO: [ app_init ] --START--
INFO: Run Behavior\BuildLiteBehavior [ RunTime:0.000051s ]
INFO: [ app_init ] --END-- [ RunTime:0.001431s ]

[ 2016-12-23T13:38:00+08:00 ] ::1 /20160608--Exercise/shop/web/Public/Home/images/basetb.jpg
INFO: [ app_init ] --START--
INFO: Run Behavior\BuildLiteBehavior [ RunTime:0.000049s ]
INFO: [ app_init ] --END-- [ RunTime:0.001135s ]

[ 2016-12-23T13:38:03+08:00 ] ::1 /20160608--Exercise/shop/web/Public/Home/images/basetb.jpg
INFO: [ app_init ] --START--
INFO: Run Behavior\BuildLiteBehavior [ RunTime:0.000041s ]
INFO: [ app_init ] --END-- [ RunTime:0.000971s ]

[ 2016-12-23T13:38:06+08:00 ] ::1 /20160608--Exercise/shop/web/Public/Home/images/basetb.jpg
INFO: [ app_init ] --START--
INFO: Run Behavior\BuildLiteBehavior [ RunTime:0.000056s ]
INFO: [ app_init ] --END-- [ RunTime:0.001279s ]

[ 2016-12-23T13:38:12+08:00 ] ::1 /20160608--Exercise/shop/web/Public/Home/images/detail_r.gif
INFO: [ app_init ] --START--
INFO: Run Behavior\BuildLiteBehavior [ RunTime:0.000042s ]
INFO: [ app_init ] --END-- [ RunTime:0.001021s ]

[ 2016-12-23T13:38:12+08:00 ] ::1 /20160608--Exercise/shop/web/Public/Home/images/basetb.jpg
INFO: [ app_init ] --START--
INFO: Run Behavior\BuildLiteBehavior [ RunTime:0.000052s ]
INFO: [ app_init ] --END-- [ RunTime:0.002145s ]

[ 2016-12-23T13:38:17+08:00 ] ::1 /20160608--Exercise/shop/web/Public/Home/images/basetb.jpg
INFO: [ app_init ] --START--
INFO: Run Behavior\BuildLiteBehavior [ RunTime:0.000044s ]
INFO: [ app_init ] --END-- [ RunTime:0.001104s ]

[ 2016-12-23T13:38:19+08:00 ] ::1 /20160608--Exercise/shop/web/Public/Home/images/basetb.jpg
INFO: [ app_init ] --START--
INFO: Run Behavior\BuildLiteBehavior [ RunTime:0.000042s ]
INFO: [ app_init ] --END-- [ RunTime:0.001045s ]

[ 2016-12-23T13:38:23+08:00 ] ::1 /20160608--Exercise/shop/web/Public/Home/images/detail_r.gif
INFO: [ app_init ] --START--
INFO: Run Behavior\BuildLiteBehavior [ RunTime:0.000046s ]
INFO: [ app_init ] --END-- [ RunTime:0.001127s ]

[ 2016-12-23T13:38:23+08:00 ] ::1 /20160608--Exercise/shop/web/Public/Home/images/basetb.jpg
INFO: [ app_init ] --START--
INFO: Run Behavior\BuildLiteBehavior [ RunTime:0.000043s ]
INFO: [ app_init ] --END-- [ RunTime:0.001057s ]

[ 2016-12-23T13:38:25+08:00 ] ::1 /20160608--Exercise/shop/web/Public/Home/images/basetb.jpg
INFO: [ app_init ] --START--
INFO: Run Behavior\BuildLiteBehavior [ RunTime:0.000044s ]
INFO: [ app_init ] --END-- [ RunTime:0.001072s ]

[ 2016-12-23T13:38:37+08:00 ] ::1 /20160608--Exercise/shop/web/Public/Home/images/basetb.jpg
INFO: [ app_init ] --START--
INFO: Run Behavior\BuildLiteBehavior [ RunTime:0.000047s ]
INFO: [ app_init ] --END-- [ RunTime:0.001371s ]

[ 2016-12-23T13:39:07+08:00 ] ::1 /20160608--Exercise/shop/web/Public/Home/images/basetb.jpg
INFO: [ app_init ] --START--
INFO: Run Behavior\BuildLiteBehavior [ RunTime:0.000063s ]
INFO: [ app_init ] --END-- [ RunTime:0.001669s ]

