[ 2016-12-21T02:27:09+08:00 ] ::1 /20160608--Exercise/shop/web/Public/Home/images/basetb.jpg
INFO: [ app_init ] --START--
INFO: Run Behavior\BuildLiteBehavior [ RunTime:0.000094s ]
INFO: [ app_init ] --END-- [ RunTime:0.001639s ]

[ 2016-12-21T10:58:40+08:00 ] ::1 /20160608--Exercise/shop/web/Public/Home/images/basetb.jpg
INFO: [ app_init ] --START--
INFO: Run Behavior\BuildLiteBehavior [ RunTime:0.000050s ]
INFO: [ app_init ] --END-- [ RunTime:0.001046s ]

[ 2016-12-21T10:58:59+08:00 ] ::1 /20160608--Exercise/shop/web/Public/Home/images/basetb.jpg
INFO: [ app_init ] --START--
INFO: Run Behavior\BuildLiteBehavior [ RunTime:0.000137s ]
INFO: [ app_init ] --END-- [ RunTime:0.003512s ]

[ 2016-12-21T10:59:07+08:00 ] ::1 /20160608--Exercise/shop/web/Public/Home/images/detail_r.gif
INFO: [ app_init ] --START--
INFO: Run Behavior\BuildLiteBehavior [ RunTime:0.000046s ]
INFO: [ app_init ] --END-- [ RunTime:0.001214s ]

[ 2016-12-21T10:59:07+08:00 ] ::1 /20160608--Exercise/shop/web/Public/Home/images/basetb.jpg
INFO: [ app_init ] --START--
INFO: Run Behavior\BuildLiteBehavior [ RunTime:0.000045s ]
INFO: [ app_init ] --END-- [ RunTime:0.002116s ]

[ 2016-12-21T10:59:12+08:00 ] ::1 /20160608--Exercise/shop/web/Public/Home/images/basetb.jpg
INFO: [ app_init ] --START--
INFO: Run Behavior\BuildLiteBehavior [ RunTime:0.000044s ]
INFO: [ app_init ] --END-- [ RunTime:0.001078s ]

[ 2016-12-21T10:59:17+08:00 ] ::1 /20160608--Exercise/shop/web/Public/Home/images/basetb.jpg
INFO: [ app_init ] --START--
INFO: Run Behavior\BuildLiteBehavior [ RunTime:0.000047s ]
INFO: [ app_init ] --END-- [ RunTime:0.001047s ]

