[ 2017-02-10T02:31:28+08:00 ] ::1 /20160608--Exercise/shop/web/Public/Home/images/basetb.jpg
INFO: [ app_init ] --START--
INFO: Run Behavior\BuildLiteBehavior [ RunTime:0.000027s ]
INFO: [ app_init ] --END-- [ RunTime:0.000694s ]

[ 2017-02-10T02:31:33+08:00 ] ::1 /20160608--Exercise/shop/web/Public/Home/images/detail_r.gif
INFO: [ app_init ] --START--
INFO: Run Behavior\BuildLiteBehavior [ RunTime:0.000049s ]
INFO: [ app_init ] --END-- [ RunTime:0.001547s ]

[ 2017-02-10T02:31:33+08:00 ] ::1 /20160608--Exercise/shop/web/Public/Home/images/basetb.jpg
INFO: [ app_init ] --START--
INFO: Run Behavior\BuildLiteBehavior [ RunTime:0.000029s ]
INFO: [ app_init ] --END-- [ RunTime:0.000775s ]

[ 2017-02-10T13:30:30+08:00 ] ::1 /20160608--Exercise/shop/web/Public/Home/images/detail_r.gif
INFO: [ app_init ] --START--
INFO: Run Behavior\BuildLiteBehavior [ RunTime:0.000060s ]
INFO: [ app_init ] --END-- [ RunTime:0.002148s ]

[ 2017-02-10T13:30:30+08:00 ] ::1 /20160608--Exercise/shop/web/Public/Home/images/basetb.jpg
INFO: [ app_init ] --START--
INFO: Run Behavior\BuildLiteBehavior [ RunTime:0.000046s ]
INFO: [ app_init ] --END-- [ RunTime:0.047527s ]

