[ 2017-02-12T11:56:06+08:00 ] ::1 /20160608--Exercise/shop/web/thinkphp/ThinkPHP/
INFO: [ app_init ] --START--
INFO: Run Behavior\BuildLiteBehavior [ RunTime:0.000024s ]
INFO: [ app_init ] --END-- [ RunTime:0.000473s ]
ERR: 无法加载模块:Thinkphp

[ 2017-02-12T11:56:12+08:00 ] ::1 /20160608--Exercise/shop/web/thinkphp/ThinkPHP/index
INFO: [ app_init ] --START--
INFO: Run Behavior\BuildLiteBehavior [ RunTime:0.000021s ]
INFO: [ app_init ] --END-- [ RunTime:0.000449s ]
ERR: 无法加载模块:Thinkphp

[ 2017-02-12T11:56:28+08:00 ] ::1 /20160608--Exercise/shop/web/thinkphp/ThinkPHP/ThinkPHP
INFO: [ app_init ] --START--
INFO: Run Behavior\BuildLiteBehavior [ RunTime:0.000021s ]
INFO: [ app_init ] --END-- [ RunTime:0.000450s ]
ERR: 无法加载模块:Thinkphp

[ 2017-02-12T11:56:36+08:00 ] ::1 /20160608--Exercise/shop/web/thinkphp/ThinkPHP/ThinkPHP.html
INFO: [ app_init ] --START--
INFO: Run Behavior\BuildLiteBehavior [ RunTime:0.000021s ]
INFO: [ app_init ] --END-- [ RunTime:0.000449s ]
ERR: 无法加载模块:Thinkphp

[ 2017-02-12T12:35:00+08:00 ] ::1 /20160608--Exercise/shop/web/animated_favicon.gif
INFO: [ app_init ] --START--
INFO: Run Behavior\BuildLiteBehavior [ RunTime:0.000015s ]
INFO: [ app_init ] --END-- [ RunTime:0.000443s ]
ERR: 无法加载模块:Animated_favicon

[ 2017-02-12T12:35:00+08:00 ] ::1 /20160608--Exercise/shop/web/favicon.ico
INFO: [ app_init ] --START--
INFO: Run Behavior\BuildLiteBehavior [ RunTime:0.000015s ]
INFO: [ app_init ] --END-- [ RunTime:0.000321s ]
ERR: 无法加载模块:Favicon

[ 2017-02-12T13:47:26+08:00 ] ::1 /20160608--Exercise/shop/web/animated_favicon.gif
INFO: [ app_init ] --START--
INFO: Run Behavior\BuildLiteBehavior [ RunTime:0.000015s ]
INFO: [ app_init ] --END-- [ RunTime:0.000278s ]
ERR: 无法加载模块:Animated_favicon

[ 2017-02-12T13:47:26+08:00 ] ::1 /20160608--Exercise/shop/web/favicon.ico
INFO: [ app_init ] --START--
INFO: Run Behavior\BuildLiteBehavior [ RunTime:0.000015s ]
INFO: [ app_init ] --END-- [ RunTime:0.000285s ]
ERR: 无法加载模块:Favicon

