[ 2016-12-13T05:29:30+08:00 ] ::1 /20160608--Exercise/shop/web/Admin/Index/index.html
INFO: [ app_init ] --START--
INFO: Run Behavior\BuildLiteBehavior [ RunTime:0.000024s ]
INFO: [ app_init ] --END-- [ RunTime:0.000580s ]
INFO: [ app_begin ] --START--
INFO: Run Behavior\ReadHtmlCacheBehavior [ RunTime:0.000794s ]
INFO: [ app_begin ] --END-- [ RunTime:0.000940s ]
INFO: [ view_parse ] --START--
INFO: [ template_filter ] --START--
INFO: Run Behavior\ContentReplaceBehavior [ RunTime:0.000051s ]
INFO: [ template_filter ] --END-- [ RunTime:0.000168s ]
INFO: Run Behavior\ParseTemplateBehavior [ RunTime:0.008702s ]
INFO: [ view_parse ] --END-- [ RunTime:0.008865s ]
INFO: [ view_filter ] --START--
INFO: Run Behavior\WriteHtmlCacheBehavior [ RunTime:0.000504s ]
INFO: [ view_filter ] --END-- [ RunTime:0.000602s ]
INFO: [ app_end ] --START--
INFO: Run Behavior\ShowPageTraceBehavior [ RunTime:0.000743s ]
INFO: [ app_end ] --END-- [ RunTime:0.000842s ]

[ 2016-12-13T05:29:30+08:00 ] ::1 /20160608--Exercise/shop/web/Admin/Index/top.html
INFO: [ app_init ] --START--
INFO: Run Behavior\BuildLiteBehavior [ RunTime:0.000032s ]
INFO: [ app_init ] --END-- [ RunTime:0.000695s ]
INFO: [ app_begin ] --START--
INFO: Run Behavior\ReadHtmlCacheBehavior [ RunTime:0.000811s ]
INFO: [ app_begin ] --END-- [ RunTime:0.000939s ]
INFO: [ view_parse ] --START--
INFO: [ template_filter ] --START--
INFO: Run Behavior\ContentReplaceBehavior [ RunTime:0.000115s ]
INFO: [ template_filter ] --END-- [ RunTime:0.000335s ]
INFO: Run Behavior\ParseTemplateBehavior [ RunTime:0.015379s ]
INFO: [ view_parse ] --END-- [ RunTime:0.015550s ]
INFO: [ view_filter ] --START--
INFO: Run Behavior\WriteHtmlCacheBehavior [ RunTime:0.000981s ]
INFO: [ view_filter ] --END-- [ RunTime:0.001185s ]
INFO: [ app_end ] --START--
INFO: Run Behavior\ShowPageTraceBehavior [ RunTime:0.001831s ]
INFO: [ app_end ] --END-- [ RunTime:0.002402s ]

[ 2016-12-13T05:29:30+08:00 ] ::1 /20160608--Exercise/shop/web/Admin/Index/left.html
INFO: [ app_init ] --START--
INFO: Run Behavior\BuildLiteBehavior [ RunTime:0.000028s ]
INFO: [ app_init ] --END-- [ RunTime:0.000803s ]
INFO: [ app_begin ] --START--
INFO: Run Behavior\ReadHtmlCacheBehavior [ RunTime:0.001215s ]
INFO: [ app_begin ] --END-- [ RunTime:0.001340s ]
INFO: [ view_parse ] --START--
INFO: [ template_filter ] --START--
INFO: Run Behavior\ContentReplaceBehavior [ RunTime:0.000098s ]
INFO: [ template_filter ] --END-- [ RunTime:0.000290s ]
INFO: Run Behavior\ParseTemplateBehavior [ RunTime:0.015894s ]
INFO: [ view_parse ] --END-- [ RunTime:0.016033s ]
INFO: [ view_filter ] --START--
INFO: Run Behavior\WriteHtmlCacheBehavior [ RunTime:0.000893s ]
INFO: [ view_filter ] --END-- [ RunTime:0.001004s ]
INFO: [ app_end ] --START--
INFO: Run Behavior\ShowPageTraceBehavior [ RunTime:0.001040s ]
INFO: [ app_end ] --END-- [ RunTime:0.001145s ]

[ 2016-12-13T05:29:30+08:00 ] ::1 /20160608--Exercise/shop/web/Admin/Index/drag.html
INFO: [ app_init ] --START--
INFO: Run Behavior\BuildLiteBehavior [ RunTime:0.000028s ]
INFO: [ app_init ] --END-- [ RunTime:0.000735s ]
INFO: [ app_begin ] --START--
INFO: Run Behavior\ReadHtmlCacheBehavior [ RunTime:0.001160s ]
INFO: [ app_begin ] --END-- [ RunTime:0.001287s ]
INFO: [ view_parse ] --START--
INFO: [ template_filter ] --START--
INFO: Run Behavior\ContentReplaceBehavior [ RunTime:0.000056s ]
INFO: [ template_filter ] --END-- [ RunTime:0.000188s ]
INFO: Run Behavior\ParseTemplateBehavior [ RunTime:0.012175s ]
INFO: [ view_parse ] --END-- [ RunTime:0.012362s ]
INFO: [ view_filter ] --START--
INFO: Run Behavior\WriteHtmlCacheBehavior [ RunTime:0.000932s ]
INFO: [ view_filter ] --END-- [ RunTime:0.001085s ]
INFO: [ app_end ] --START--
INFO: Run Behavior\ShowPageTraceBehavior [ RunTime:0.001305s ]
INFO: [ app_end ] --END-- [ RunTime:0.001444s ]

[ 2016-12-13T05:29:30+08:00 ] ::1 /20160608--Exercise/shop/web/Admin/Index/main.html
INFO: [ app_init ] --START--
INFO: Run Behavior\BuildLiteBehavior [ RunTime:0.000051s ]
INFO: [ app_init ] --END-- [ RunTime:0.001206s ]
INFO: [ app_begin ] --START--
INFO: Run Behavior\ReadHtmlCacheBehavior [ RunTime:0.001229s ]
INFO: [ app_begin ] --END-- [ RunTime:0.001389s ]
INFO: [ view_parse ] --START--
INFO: [ template_filter ] --START--
INFO: Run Behavior\ContentReplaceBehavior [ RunTime:0.000121s ]
INFO: [ template_filter ] --END-- [ RunTime:0.000336s ]
INFO: Run Behavior\ParseTemplateBehavior [ RunTime:0.013883s ]
INFO: [ view_parse ] --END-- [ RunTime:0.014076s ]
INFO: [ view_filter ] --START--
INFO: Run Behavior\WriteHtmlCacheBehavior [ RunTime:0.001131s ]
INFO: [ view_filter ] --END-- [ RunTime:0.001334s ]
INFO: [ app_end ] --START--
INFO: Run Behavior\ShowPageTraceBehavior [ RunTime:0.001157s ]
INFO: [ app_end ] --END-- [ RunTime:0.001311s ]

[ 2016-12-13T05:29:30+08:00 ] ::1 /20160608--Exercise/shop/web/Admin/Index/images/menu_arrow.gif
INFO: [ app_init ] --START--
INFO: Run Behavior\BuildLiteBehavior [ RunTime:0.000049s ]
INFO: [ app_init ] --END-- [ RunTime:0.001043s ]

[ 2016-12-13T05:29:30+08:00 ] ::1 /20160608--Exercise/shop/web/Admin/Index/images/menu_minus.gif
INFO: [ app_init ] --START--
INFO: Run Behavior\BuildLiteBehavior [ RunTime:0.000196s ]
INFO: [ app_init ] --END-- [ RunTime:0.001403s ]

[ 2016-12-13T05:29:34+08:00 ] ::1 /20160608--Exercise/shop/web/Admin/Index/left.html
INFO: [ app_init ] --START--
INFO: Run Behavior\BuildLiteBehavior [ RunTime:0.000026s ]
INFO: [ app_init ] --END-- [ RunTime:0.000692s ]
INFO: [ app_begin ] --START--
INFO: Run Behavior\ReadHtmlCacheBehavior [ RunTime:0.000940s ]
INFO: [ app_begin ] --END-- [ RunTime:0.001046s ]
INFO: [ view_parse ] --START--
INFO: [ template_filter ] --START--
INFO: Run Behavior\ContentReplaceBehavior [ RunTime:0.000070s ]
INFO: [ template_filter ] --END-- [ RunTime:0.000194s ]
INFO: Run Behavior\ParseTemplateBehavior [ RunTime:0.009867s ]
INFO: [ view_parse ] --END-- [ RunTime:0.009990s ]
INFO: [ view_filter ] --START--
INFO: Run Behavior\WriteHtmlCacheBehavior [ RunTime:0.000705s ]
INFO: [ view_filter ] --END-- [ RunTime:0.000809s ]
INFO: [ app_end ] --START--
INFO: Run Behavior\ShowPageTraceBehavior [ RunTime:0.000935s ]
INFO: [ app_end ] --END-- [ RunTime:0.001033s ]

[ 2016-12-13T05:29:34+08:00 ] ::1 /20160608--Exercise/shop/web/Admin/Index/images/menu_arrow.gif
INFO: [ app_init ] --START--
INFO: Run Behavior\BuildLiteBehavior [ RunTime:0.000027s ]
INFO: [ app_init ] --END-- [ RunTime:0.000618s ]

[ 2016-12-13T05:29:34+08:00 ] ::1 /20160608--Exercise/shop/web/Admin/Index/images/menu_minus.gif
INFO: [ app_init ] --START--
INFO: Run Behavior\BuildLiteBehavior [ RunTime:0.000043s ]
INFO: [ app_init ] --END-- [ RunTime:0.000975s ]

[ 2016-12-13T05:29:36+08:00 ] ::1 /20160608--Exercise/shop/web/Admin/Cat/lists.html
INFO: [ app_init ] --START--
INFO: Run Behavior\BuildLiteBehavior [ RunTime:0.000028s ]
INFO: [ app_init ] --END-- [ RunTime:0.000866s ]
INFO: [ app_begin ] --START--
INFO: Run Behavior\ReadHtmlCacheBehavior [ RunTime:0.000987s ]
INFO: [ app_begin ] --END-- [ RunTime:0.001099s ]
SQL: SHOW COLUMNS FROM `cat` [ RunTime:0.0019s ]
SQL: SELECT `cat_id`,`cat_name`,`parent_id` FROM `cat`  [ RunTime:0.0006s ]
INFO: [ view_parse ] --START--
INFO: [ template_filter ] --START--
INFO: Run Behavior\ContentReplaceBehavior [ RunTime:0.000129s ]
INFO: [ template_filter ] --END-- [ RunTime:0.000254s ]
INFO: Run Behavior\ParseTemplateBehavior [ RunTime:0.013407s ]
INFO: [ view_parse ] --END-- [ RunTime:0.013614s ]
INFO: [ view_filter ] --START--
INFO: Run Behavior\WriteHtmlCacheBehavior [ RunTime:0.001106s ]
INFO: [ view_filter ] --END-- [ RunTime:0.001306s ]
INFO: [ app_end ] --START--
INFO: Run Behavior\ShowPageTraceBehavior [ RunTime:0.001897s ]
INFO: [ app_end ] --END-- [ RunTime:0.002110s ]

[ 2016-12-13T05:29:41+08:00 ] ::1 /20160608--Exercise/shop/web/Admin/Goods/lists.html
INFO: [ app_init ] --START--
INFO: Run Behavior\BuildLiteBehavior [ RunTime:0.000023s ]
INFO: [ app_init ] --END-- [ RunTime:0.000767s ]
INFO: [ app_begin ] --START--
INFO: Run Behavior\ReadHtmlCacheBehavior [ RunTime:0.001052s ]
INFO: [ app_begin ] --END-- [ RunTime:0.001156s ]
SQL: SHOW COLUMNS FROM `goods` [ RunTime:0.0017s ]
SQL: SELECT COUNT(*) AS tp_count FROM `goods` LIMIT 1   [ RunTime:0.0010s ]
SQL: SELECT `goods_id`,`goods_name`,`goods_sn`,`shop_price`,`is_on_sale`,`is_best`,`is_new`,`is_hot`,`goods_number` FROM `goods` ORDER BY goods_id desc LIMIT 0,10   [ RunTime:0.0012s ]
INFO: [ view_parse ] --START--
INFO: [ template_filter ] --START--
INFO: Run Behavior\ContentReplaceBehavior [ RunTime:0.000089s ]
INFO: [ template_filter ] --END-- [ RunTime:0.000214s ]
NOTIC: [8] Use of undefined constant is_on_sale - assumed 'is_on_sale' C:\wamp\www\20160608--Exercise\shop\web\Runtime\Cache\Admin\3ba6dc7da2bef3d0488d0c6217b63486.php 第 70 行.
NOTIC: [8] Use of undefined constant is_on_sale - assumed 'is_on_sale' C:\wamp\www\20160608--Exercise\shop\web\Runtime\Cache\Admin\3ba6dc7da2bef3d0488d0c6217b63486.php 第 71 行.
NOTIC: [8] Use of undefined constant is_on_sale - assumed 'is_on_sale' C:\wamp\www\20160608--Exercise\shop\web\Runtime\Cache\Admin\3ba6dc7da2bef3d0488d0c6217b63486.php 第 72 行.
NOTIC: [8] Use of undefined constant is_on_sale - assumed 'is_on_sale' C:\wamp\www\20160608--Exercise\shop\web\Runtime\Cache\Admin\3ba6dc7da2bef3d0488d0c6217b63486.php 第 73 行.
NOTIC: [8] Use of undefined constant goods_id - assumed 'goods_id' C:\wamp\www\20160608--Exercise\shop\web\Runtime\Cache\Admin\3ba6dc7da2bef3d0488d0c6217b63486.php 第 81 行.
NOTIC: [8] Use of undefined constant is_on_sale - assumed 'is_on_sale' C:\wamp\www\20160608--Exercise\shop\web\Runtime\Cache\Admin\3ba6dc7da2bef3d0488d0c6217b63486.php 第 70 行.
NOTIC: [8] Use of undefined constant is_on_sale - assumed 'is_on_sale' C:\wamp\www\20160608--Exercise\shop\web\Runtime\Cache\Admin\3ba6dc7da2bef3d0488d0c6217b63486.php 第 71 行.
NOTIC: [8] Use of undefined constant is_on_sale - assumed 'is_on_sale' C:\wamp\www\20160608--Exercise\shop\web\Runtime\Cache\Admin\3ba6dc7da2bef3d0488d0c6217b63486.php 第 72 行.
NOTIC: [8] Use of undefined constant is_on_sale - assumed 'is_on_sale' C:\wamp\www\20160608--Exercise\shop\web\Runtime\Cache\Admin\3ba6dc7da2bef3d0488d0c6217b63486.php 第 73 行.
NOTIC: [8] Use of undefined constant goods_id - assumed 'goods_id' C:\wamp\www\20160608--Exercise\shop\web\Runtime\Cache\Admin\3ba6dc7da2bef3d0488d0c6217b63486.php 第 81 行.
NOTIC: [8] Use of undefined constant is_on_sale - assumed 'is_on_sale' C:\wamp\www\20160608--Exercise\shop\web\Runtime\Cache\Admin\3ba6dc7da2bef3d0488d0c6217b63486.php 第 70 行.
NOTIC: [8] Use of undefined constant is_on_sale - assumed 'is_on_sale' C:\wamp\www\20160608--Exercise\shop\web\Runtime\Cache\Admin\3ba6dc7da2bef3d0488d0c6217b63486.php 第 71 行.
NOTIC: [8] Use of undefined constant is_on_sale - assumed 'is_on_sale' C:\wamp\www\20160608--Exercise\shop\web\Runtime\Cache\Admin\3ba6dc7da2bef3d0488d0c6217b63486.php 第 72 行.
NOTIC: [8] Use of undefined constant is_on_sale - assumed 'is_on_sale' C:\wamp\www\20160608--Exercise\shop\web\Runtime\Cache\Admin\3ba6dc7da2bef3d0488d0c6217b63486.php 第 73 行.
NOTIC: [8] Use of undefined constant goods_id - assumed 'goods_id' C:\wamp\www\20160608--Exercise\shop\web\Runtime\Cache\Admin\3ba6dc7da2bef3d0488d0c6217b63486.php 第 81 行.
NOTIC: [8] Use of undefined constant is_on_sale - assumed 'is_on_sale' C:\wamp\www\20160608--Exercise\shop\web\Runtime\Cache\Admin\3ba6dc7da2bef3d0488d0c6217b63486.php 第 70 行.
NOTIC: [8] Use of undefined constant is_on_sale - assumed 'is_on_sale' C:\wamp\www\20160608--Exercise\shop\web\Runtime\Cache\Admin\3ba6dc7da2bef3d0488d0c6217b63486.php 第 71 行.
NOTIC: [8] Use of undefined constant is_on_sale - assumed 'is_on_sale' C:\wamp\www\20160608--Exercise\shop\web\Runtime\Cache\Admin\3ba6dc7da2bef3d0488d0c6217b63486.php 第 72 行.
NOTIC: [8] Use of undefined constant is_on_sale - assumed 'is_on_sale' C:\wamp\www\20160608--Exercise\shop\web\Runtime\Cache\Admin\3ba6dc7da2bef3d0488d0c6217b63486.php 第 73 行.
NOTIC: [8] Use of undefined constant goods_id - assumed 'goods_id' C:\wamp\www\20160608--Exercise\shop\web\Runtime\Cache\Admin\3ba6dc7da2bef3d0488d0c6217b63486.php 第 81 行.
NOTIC: [8] Use of undefined constant is_on_sale - assumed 'is_on_sale' C:\wamp\www\20160608--Exercise\shop\web\Runtime\Cache\Admin\3ba6dc7da2bef3d0488d0c6217b63486.php 第 70 行.
NOTIC: [8] Use of undefined constant is_on_sale - assumed 'is_on_sale' C:\wamp\www\20160608--Exercise\shop\web\Runtime\Cache\Admin\3ba6dc7da2bef3d0488d0c6217b63486.php 第 71 行.
NOTIC: [8] Use of undefined constant is_on_sale - assumed 'is_on_sale' C:\wamp\www\20160608--Exercise\shop\web\Runtime\Cache\Admin\3ba6dc7da2bef3d0488d0c6217b63486.php 第 72 行.
NOTIC: [8] Use of undefined constant is_on_sale - assumed 'is_on_sale' C:\wamp\www\20160608--Exercise\shop\web\Runtime\Cache\Admin\3ba6dc7da2bef3d0488d0c6217b63486.php 第 73 行.
NOTIC: [8] Use of undefined constant goods_id - assumed 'goods_id' C:\wamp\www\20160608--Exercise\shop\web\Runtime\Cache\Admin\3ba6dc7da2bef3d0488d0c6217b63486.php 第 81 行.
NOTIC: [8] Use of undefined constant is_on_sale - assumed 'is_on_sale' C:\wamp\www\20160608--Exercise\shop\web\Runtime\Cache\Admin\3ba6dc7da2bef3d0488d0c6217b63486.php 第 70 行.
NOTIC: [8] Use of undefined constant is_on_sale - assumed 'is_on_sale' C:\wamp\www\20160608--Exercise\shop\web\Runtime\Cache\Admin\3ba6dc7da2bef3d0488d0c6217b63486.php 第 71 行.
NOTIC: [8] Use of undefined constant is_on_sale - assumed 'is_on_sale' C:\wamp\www\20160608--Exercise\shop\web\Runtime\Cache\Admin\3ba6dc7da2bef3d0488d0c6217b63486.php 第 72 行.
NOTIC: [8] Use of undefined constant is_on_sale - assumed 'is_on_sale' C:\wamp\www\20160608--Exercise\shop\web\Runtime\Cache\Admin\3ba6dc7da2bef3d0488d0c6217b63486.php 第 73 行.
NOTIC: [8] Use of undefined constant goods_id - assumed 'goods_id' C:\wamp\www\20160608--Exercise\shop\web\Runtime\Cache\Admin\3ba6dc7da2bef3d0488d0c6217b63486.php 第 81 行.
NOTIC: [8] Use of undefined constant is_on_sale - assumed 'is_on_sale' C:\wamp\www\20160608--Exercise\shop\web\Runtime\Cache\Admin\3ba6dc7da2bef3d0488d0c6217b63486.php 第 70 行.
NOTIC: [8] Use of undefined constant is_on_sale - assumed 'is_on_sale' C:\wamp\www\20160608--Exercise\shop\web\Runtime\Cache\Admin\3ba6dc7da2bef3d0488d0c6217b63486.php 第 71 行.
NOTIC: [8] Use of undefined constant is_on_sale - assumed 'is_on_sale' C:\wamp\www\20160608--Exercise\shop\web\Runtime\Cache\Admin\3ba6dc7da2bef3d0488d0c6217b63486.php 第 72 行.
NOTIC: [8] Use of undefined constant is_on_sale - assumed 'is_on_sale' C:\wamp\www\20160608--Exercise\shop\web\Runtime\Cache\Admin\3ba6dc7da2bef3d0488d0c6217b63486.php 第 73 行.
NOTIC: [8] Use of undefined constant goods_id - assumed 'goods_id' C:\wamp\www\20160608--Exercise\shop\web\Runtime\Cache\Admin\3ba6dc7da2bef3d0488d0c6217b63486.php 第 81 行.
NOTIC: [8] Use of undefined constant is_on_sale - assumed 'is_on_sale' C:\wamp\www\20160608--Exercise\shop\web\Runtime\Cache\Admin\3ba6dc7da2bef3d0488d0c6217b63486.php 第 70 行.
NOTIC: [8] Use of undefined constant is_on_sale - assumed 'is_on_sale' C:\wamp\www\20160608--Exercise\shop\web\Runtime\Cache\Admin\3ba6dc7da2bef3d0488d0c6217b63486.php 第 71 行.
NOTIC: [8] Use of undefined constant is_on_sale - assumed 'is_on_sale' C:\wamp\www\20160608--Exercise\shop\web\Runtime\Cache\Admin\3ba6dc7da2bef3d0488d0c6217b63486.php 第 72 行.
NOTIC: [8] Use of undefined constant is_on_sale - assumed 'is_on_sale' C:\wamp\www\20160608--Exercise\shop\web\Runtime\Cache\Admin\3ba6dc7da2bef3d0488d0c6217b63486.php 第 73 行.
NOTIC: [8] Use of undefined constant goods_id - assumed 'goods_id' C:\wamp\www\20160608--Exercise\shop\web\Runtime\Cache\Admin\3ba6dc7da2bef3d0488d0c6217b63486.php 第 81 行.
NOTIC: [8] Use of undefined constant is_on_sale - assumed 'is_on_sale' C:\wamp\www\20160608--Exercise\shop\web\Runtime\Cache\Admin\3ba6dc7da2bef3d0488d0c6217b63486.php 第 70 行.
NOTIC: [8] Use of undefined constant is_on_sale - assumed 'is_on_sale' C:\wamp\www\20160608--Exercise\shop\web\Runtime\Cache\Admin\3ba6dc7da2bef3d0488d0c6217b63486.php 第 71 行.
NOTIC: [8] Use of undefined constant is_on_sale - assumed 'is_on_sale' C:\wamp\www\20160608--Exercise\shop\web\Runtime\Cache\Admin\3ba6dc7da2bef3d0488d0c6217b63486.php 第 72 行.
NOTIC: [8] Use of undefined constant is_on_sale - assumed 'is_on_sale' C:\wamp\www\20160608--Exercise\shop\web\Runtime\Cache\Admin\3ba6dc7da2bef3d0488d0c6217b63486.php 第 73 行.
NOTIC: [8] Use of undefined constant goods_id - assumed 'goods_id' C:\wamp\www\20160608--Exercise\shop\web\Runtime\Cache\Admin\3ba6dc7da2bef3d0488d0c6217b63486.php 第 81 行.
NOTIC: [8] Use of undefined constant is_on_sale - assumed 'is_on_sale' C:\wamp\www\20160608--Exercise\shop\web\Runtime\Cache\Admin\3ba6dc7da2bef3d0488d0c6217b63486.php 第 70 行.
NOTIC: [8] Use of undefined constant is_on_sale - assumed 'is_on_sale' C:\wamp\www\20160608--Exercise\shop\web\Runtime\Cache\Admin\3ba6dc7da2bef3d0488d0c6217b63486.php 第 71 行.
NOTIC: [8] Use of undefined constant is_on_sale - assumed 'is_on_sale' C:\wamp\www\20160608--Exercise\shop\web\Runtime\Cache\Admin\3ba6dc7da2bef3d0488d0c6217b63486.php 第 72 行.
NOTIC: [8] Use of undefined constant is_on_sale - assumed 'is_on_sale' C:\wamp\www\20160608--Exercise\shop\web\Runtime\Cache\Admin\3ba6dc7da2bef3d0488d0c6217b63486.php 第 73 行.
NOTIC: [8] Use of undefined constant goods_id - assumed 'goods_id' C:\wamp\www\20160608--Exercise\shop\web\Runtime\Cache\Admin\3ba6dc7da2bef3d0488d0c6217b63486.php 第 81 行.
INFO: Run Behavior\ParseTemplateBehavior [ RunTime:0.016947s ]
INFO: [ view_parse ] --END-- [ RunTime:0.017126s ]
INFO: [ view_filter ] --START--
INFO: Run Behavior\WriteHtmlCacheBehavior [ RunTime:0.001156s ]
INFO: [ view_filter ] --END-- [ RunTime:0.001333s ]
INFO: [ app_end ] --START--
INFO: Run Behavior\ShowPageTraceBehavior [ RunTime:0.002037s ]
INFO: [ app_end ] --END-- [ RunTime:0.002252s ]

[ 2016-12-13T05:29:43+08:00 ] ::1 /20160608--Exercise/shop/web/Admin/Goods/lists.html
INFO: [ app_init ] --START--
INFO: Run Behavior\BuildLiteBehavior [ RunTime:0.000025s ]
INFO: [ app_init ] --END-- [ RunTime:0.000645s ]
INFO: [ app_begin ] --START--
INFO: Run Behavior\ReadHtmlCacheBehavior [ RunTime:0.000972s ]
INFO: [ app_begin ] --END-- [ RunTime:0.001071s ]
SQL: SHOW COLUMNS FROM `goods` [ RunTime:0.0020s ]
SQL: SELECT COUNT(*) AS tp_count FROM `goods` LIMIT 1   [ RunTime:0.0003s ]
SQL: SELECT `goods_id`,`goods_name`,`goods_sn`,`shop_price`,`is_on_sale`,`is_best`,`is_new`,`is_hot`,`goods_number` FROM `goods` ORDER BY goods_id desc LIMIT 0,10   [ RunTime:0.0008s ]
INFO: [ view_parse ] --START--
INFO: [ template_filter ] --START--
INFO: Run Behavior\ContentReplaceBehavior [ RunTime:0.000090s ]
INFO: [ template_filter ] --END-- [ RunTime:0.000212s ]
NOTIC: [8] Use of undefined constant is_on_sale - assumed 'is_on_sale' C:\wamp\www\20160608--Exercise\shop\web\Runtime\Cache\Admin\3ba6dc7da2bef3d0488d0c6217b63486.php 第 70 行.
NOTIC: [8] Use of undefined constant is_on_sale - assumed 'is_on_sale' C:\wamp\www\20160608--Exercise\shop\web\Runtime\Cache\Admin\3ba6dc7da2bef3d0488d0c6217b63486.php 第 71 行.
NOTIC: [8] Use of undefined constant is_on_sale - assumed 'is_on_sale' C:\wamp\www\20160608--Exercise\shop\web\Runtime\Cache\Admin\3ba6dc7da2bef3d0488d0c6217b63486.php 第 72 行.
NOTIC: [8] Use of undefined constant is_on_sale - assumed 'is_on_sale' C:\wamp\www\20160608--Exercise\shop\web\Runtime\Cache\Admin\3ba6dc7da2bef3d0488d0c6217b63486.php 第 73 行.
NOTIC: [8] Use of undefined constant goods_id - assumed 'goods_id' C:\wamp\www\20160608--Exercise\shop\web\Runtime\Cache\Admin\3ba6dc7da2bef3d0488d0c6217b63486.php 第 81 行.
NOTIC: [8] Use of undefined constant is_on_sale - assumed 'is_on_sale' C:\wamp\www\20160608--Exercise\shop\web\Runtime\Cache\Admin\3ba6dc7da2bef3d0488d0c6217b63486.php 第 70 行.
NOTIC: [8] Use of undefined constant is_on_sale - assumed 'is_on_sale' C:\wamp\www\20160608--Exercise\shop\web\Runtime\Cache\Admin\3ba6dc7da2bef3d0488d0c6217b63486.php 第 71 行.
NOTIC: [8] Use of undefined constant is_on_sale - assumed 'is_on_sale' C:\wamp\www\20160608--Exercise\shop\web\Runtime\Cache\Admin\3ba6dc7da2bef3d0488d0c6217b63486.php 第 72 行.
NOTIC: [8] Use of undefined constant is_on_sale - assumed 'is_on_sale' C:\wamp\www\20160608--Exercise\shop\web\Runtime\Cache\Admin\3ba6dc7da2bef3d0488d0c6217b63486.php 第 73 行.
NOTIC: [8] Use of undefined constant goods_id - assumed 'goods_id' C:\wamp\www\20160608--Exercise\shop\web\Runtime\Cache\Admin\3ba6dc7da2bef3d0488d0c6217b63486.php 第 81 行.
NOTIC: [8] Use of undefined constant is_on_sale - assumed 'is_on_sale' C:\wamp\www\20160608--Exercise\shop\web\Runtime\Cache\Admin\3ba6dc7da2bef3d0488d0c6217b63486.php 第 70 行.
NOTIC: [8] Use of undefined constant is_on_sale - assumed 'is_on_sale' C:\wamp\www\20160608--Exercise\shop\web\Runtime\Cache\Admin\3ba6dc7da2bef3d0488d0c6217b63486.php 第 71 行.
NOTIC: [8] Use of undefined constant is_on_sale - assumed 'is_on_sale' C:\wamp\www\20160608--Exercise\shop\web\Runtime\Cache\Admin\3ba6dc7da2bef3d0488d0c6217b63486.php 第 72 行.
NOTIC: [8] Use of undefined constant is_on_sale - assumed 'is_on_sale' C:\wamp\www\20160608--Exercise\shop\web\Runtime\Cache\Admin\3ba6dc7da2bef3d0488d0c6217b63486.php 第 73 行.
NOTIC: [8] Use of undefined constant goods_id - assumed 'goods_id' C:\wamp\www\20160608--Exercise\shop\web\Runtime\Cache\Admin\3ba6dc7da2bef3d0488d0c6217b63486.php 第 81 行.
NOTIC: [8] Use of undefined constant is_on_sale - assumed 'is_on_sale' C:\wamp\www\20160608--Exercise\shop\web\Runtime\Cache\Admin\3ba6dc7da2bef3d0488d0c6217b63486.php 第 70 行.
NOTIC: [8] Use of undefined constant is_on_sale - assumed 'is_on_sale' C:\wamp\www\20160608--Exercise\shop\web\Runtime\Cache\Admin\3ba6dc7da2bef3d0488d0c6217b63486.php 第 71 行.
NOTIC: [8] Use of undefined constant is_on_sale - assumed 'is_on_sale' C:\wamp\www\20160608--Exercise\shop\web\Runtime\Cache\Admin\3ba6dc7da2bef3d0488d0c6217b63486.php 第 72 行.
NOTIC: [8] Use of undefined constant is_on_sale - assumed 'is_on_sale' C:\wamp\www\20160608--Exercise\shop\web\Runtime\Cache\Admin\3ba6dc7da2bef3d0488d0c6217b63486.php 第 73 行.
NOTIC: [8] Use of undefined constant goods_id - assumed 'goods_id' C:\wamp\www\20160608--Exercise\shop\web\Runtime\Cache\Admin\3ba6dc7da2bef3d0488d0c6217b63486.php 第 81 行.
NOTIC: [8] Use of undefined constant is_on_sale - assumed 'is_on_sale' C:\wamp\www\20160608--Exercise\shop\web\Runtime\Cache\Admin\3ba6dc7da2bef3d0488d0c6217b63486.php 第 70 行.
NOTIC: [8] Use of undefined constant is_on_sale - assumed 'is_on_sale' C:\wamp\www\20160608--Exercise\shop\web\Runtime\Cache\Admin\3ba6dc7da2bef3d0488d0c6217b63486.php 第 71 行.
NOTIC: [8] Use of undefined constant is_on_sale - assumed 'is_on_sale' C:\wamp\www\20160608--Exercise\shop\web\Runtime\Cache\Admin\3ba6dc7da2bef3d0488d0c6217b63486.php 第 72 行.
NOTIC: [8] Use of undefined constant is_on_sale - assumed 'is_on_sale' C:\wamp\www\20160608--Exercise\shop\web\Runtime\Cache\Admin\3ba6dc7da2bef3d0488d0c6217b63486.php 第 73 行.
NOTIC: [8] Use of undefined constant goods_id - assumed 'goods_id' C:\wamp\www\20160608--Exercise\shop\web\Runtime\Cache\Admin\3ba6dc7da2bef3d0488d0c6217b63486.php 第 81 行.
NOTIC: [8] Use of undefined constant is_on_sale - assumed 'is_on_sale' C:\wamp\www\20160608--Exercise\shop\web\Runtime\Cache\Admin\3ba6dc7da2bef3d0488d0c6217b63486.php 第 70 行.
NOTIC: [8] Use of undefined constant is_on_sale - assumed 'is_on_sale' C:\wamp\www\20160608--Exercise\shop\web\Runtime\Cache\Admin\3ba6dc7da2bef3d0488d0c6217b63486.php 第 71 行.
NOTIC: [8] Use of undefined constant is_on_sale - assumed 'is_on_sale' C:\wamp\www\20160608--Exercise\shop\web\Runtime\Cache\Admin\3ba6dc7da2bef3d0488d0c6217b63486.php 第 72 行.
NOTIC: [8] Use of undefined constant is_on_sale - assumed 'is_on_sale' C:\wamp\www\20160608--Exercise\shop\web\Runtime\Cache\Admin\3ba6dc7da2bef3d0488d0c6217b63486.php 第 73 行.
NOTIC: [8] Use of undefined constant goods_id - assumed 'goods_id' C:\wamp\www\20160608--Exercise\shop\web\Runtime\Cache\Admin\3ba6dc7da2bef3d0488d0c6217b63486.php 第 81 行.
NOTIC: [8] Use of undefined constant is_on_sale - assumed 'is_on_sale' C:\wamp\www\20160608--Exercise\shop\web\Runtime\Cache\Admin\3ba6dc7da2bef3d0488d0c6217b63486.php 第 70 行.
NOTIC: [8] Use of undefined constant is_on_sale - assumed 'is_on_sale' C:\wamp\www\20160608--Exercise\shop\web\Runtime\Cache\Admin\3ba6dc7da2bef3d0488d0c6217b63486.php 第 71 行.
NOTIC: [8] Use of undefined constant is_on_sale - assumed 'is_on_sale' C:\wamp\www\20160608--Exercise\shop\web\Runtime\Cache\Admin\3ba6dc7da2bef3d0488d0c6217b63486.php 第 72 行.
NOTIC: [8] Use of undefined constant is_on_sale - assumed 'is_on_sale' C:\wamp\www\20160608--Exercise\shop\web\Runtime\Cache\Admin\3ba6dc7da2bef3d0488d0c6217b63486.php 第 73 行.
NOTIC: [8] Use of undefined constant goods_id - assumed 'goods_id' C:\wamp\www\20160608--Exercise\shop\web\Runtime\Cache\Admin\3ba6dc7da2bef3d0488d0c6217b63486.php 第 81 行.
NOTIC: [8] Use of undefined constant is_on_sale - assumed 'is_on_sale' C:\wamp\www\20160608--Exercise\shop\web\Runtime\Cache\Admin\3ba6dc7da2bef3d0488d0c6217b63486.php 第 70 行.
NOTIC: [8] Use of undefined constant is_on_sale - assumed 'is_on_sale' C:\wamp\www\20160608--Exercise\shop\web\Runtime\Cache\Admin\3ba6dc7da2bef3d0488d0c6217b63486.php 第 71 行.
NOTIC: [8] Use of undefined constant is_on_sale - assumed 'is_on_sale' C:\wamp\www\20160608--Exercise\shop\web\Runtime\Cache\Admin\3ba6dc7da2bef3d0488d0c6217b63486.php 第 72 行.
NOTIC: [8] Use of undefined constant is_on_sale - assumed 'is_on_sale' C:\wamp\www\20160608--Exercise\shop\web\Runtime\Cache\Admin\3ba6dc7da2bef3d0488d0c6217b63486.php 第 73 行.
NOTIC: [8] Use of undefined constant goods_id - assumed 'goods_id' C:\wamp\www\20160608--Exercise\shop\web\Runtime\Cache\Admin\3ba6dc7da2bef3d0488d0c6217b63486.php 第 81 行.
NOTIC: [8] Use of undefined constant is_on_sale - assumed 'is_on_sale' C:\wamp\www\20160608--Exercise\shop\web\Runtime\Cache\Admin\3ba6dc7da2bef3d0488d0c6217b63486.php 第 70 行.
NOTIC: [8] Use of undefined constant is_on_sale - assumed 'is_on_sale' C:\wamp\www\20160608--Exercise\shop\web\Runtime\Cache\Admin\3ba6dc7da2bef3d0488d0c6217b63486.php 第 71 行.
NOTIC: [8] Use of undefined constant is_on_sale - assumed 'is_on_sale' C:\wamp\www\20160608--Exercise\shop\web\Runtime\Cache\Admin\3ba6dc7da2bef3d0488d0c6217b63486.php 第 72 行.
NOTIC: [8] Use of undefined constant is_on_sale - assumed 'is_on_sale' C:\wamp\www\20160608--Exercise\shop\web\Runtime\Cache\Admin\3ba6dc7da2bef3d0488d0c6217b63486.php 第 73 行.
NOTIC: [8] Use of undefined constant goods_id - assumed 'goods_id' C:\wamp\www\20160608--Exercise\shop\web\Runtime\Cache\Admin\3ba6dc7da2bef3d0488d0c6217b63486.php 第 81 行.
NOTIC: [8] Use of undefined constant is_on_sale - assumed 'is_on_sale' C:\wamp\www\20160608--Exercise\shop\web\Runtime\Cache\Admin\3ba6dc7da2bef3d0488d0c6217b63486.php 第 70 行.
NOTIC: [8] Use of undefined constant is_on_sale - assumed 'is_on_sale' C:\wamp\www\20160608--Exercise\shop\web\Runtime\Cache\Admin\3ba6dc7da2bef3d0488d0c6217b63486.php 第 71 行.
NOTIC: [8] Use of undefined constant is_on_sale - assumed 'is_on_sale' C:\wamp\www\20160608--Exercise\shop\web\Runtime\Cache\Admin\3ba6dc7da2bef3d0488d0c6217b63486.php 第 72 行.
NOTIC: [8] Use of undefined constant is_on_sale - assumed 'is_on_sale' C:\wamp\www\20160608--Exercise\shop\web\Runtime\Cache\Admin\3ba6dc7da2bef3d0488d0c6217b63486.php 第 73 行.
NOTIC: [8] Use of undefined constant goods_id - assumed 'goods_id' C:\wamp\www\20160608--Exercise\shop\web\Runtime\Cache\Admin\3ba6dc7da2bef3d0488d0c6217b63486.php 第 81 行.
INFO: Run Behavior\ParseTemplateBehavior [ RunTime:0.019921s ]
INFO: [ view_parse ] --END-- [ RunTime:0.020082s ]
INFO: [ view_filter ] --START--
INFO: Run Behavior\WriteHtmlCacheBehavior [ RunTime:0.000882s ]
INFO: [ view_filter ] --END-- [ RunTime:0.000984s ]
INFO: [ app_end ] --START--
INFO: Run Behavior\ShowPageTraceBehavior [ RunTime:0.001383s ]
INFO: [ app_end ] --END-- [ RunTime:0.001514s ]

[ 2016-12-13T05:29:44+08:00 ] ::1 /20160608--Exercise/shop/web/Admin/Goods/add.html
INFO: [ app_init ] --START--
INFO: Run Behavior\BuildLiteBehavior [ RunTime:0.000026s ]
INFO: [ app_init ] --END-- [ RunTime:0.000670s ]
INFO: [ app_begin ] --START--
INFO: Run Behavior\ReadHtmlCacheBehavior [ RunTime:0.000994s ]
INFO: [ app_begin ] --END-- [ RunTime:0.001098s ]
SQL: SHOW COLUMNS FROM `goods` [ RunTime:0.0014s ]
INFO: [ view_parse ] --START--
INFO: [ template_filter ] --START--
INFO: Run Behavior\ContentReplaceBehavior [ RunTime:0.000098s ]
INFO: [ template_filter ] --END-- [ RunTime:0.000228s ]
INFO: Run Behavior\ParseTemplateBehavior [ RunTime:0.011971s ]
INFO: [ view_parse ] --END-- [ RunTime:0.012100s ]
INFO: [ view_filter ] --START--
INFO: Run Behavior\WriteHtmlCacheBehavior [ RunTime:0.000792s ]
INFO: [ view_filter ] --END-- [ RunTime:0.000895s ]
INFO: [ app_end ] --START--
INFO: Run Behavior\ShowPageTraceBehavior [ RunTime:0.001415s ]
INFO: [ app_end ] --END-- [ RunTime:0.001559s ]

[ 2016-12-13T15:45:35+08:00 ] ::1 /20160608--Exercise/shop/web/Admin/Index/index.html
INFO: [ app_init ] --START--
INFO: Run Behavior\BuildLiteBehavior [ RunTime:0.000026s ]
INFO: [ app_init ] --END-- [ RunTime:0.000613s ]
INFO: [ app_begin ] --START--
INFO: Run Behavior\ReadHtmlCacheBehavior [ RunTime:0.000718s ]
INFO: [ app_begin ] --END-- [ RunTime:0.000823s ]
INFO: [ view_parse ] --START--
INFO: [ template_filter ] --START--
INFO: Run Behavior\ContentReplaceBehavior [ RunTime:0.000050s ]
INFO: [ template_filter ] --END-- [ RunTime:0.000169s ]
INFO: Run Behavior\ParseTemplateBehavior [ RunTime:0.008461s ]
INFO: [ view_parse ] --END-- [ RunTime:0.008583s ]
INFO: [ view_filter ] --START--
INFO: Run Behavior\WriteHtmlCacheBehavior [ RunTime:0.000595s ]
INFO: [ view_filter ] --END-- [ RunTime:0.000698s ]
INFO: [ app_end ] --START--
INFO: Run Behavior\ShowPageTraceBehavior [ RunTime:0.000772s ]
INFO: [ app_end ] --END-- [ RunTime:0.000870s ]

[ 2016-12-13T15:45:35+08:00 ] ::1 /20160608--Exercise/shop/web/Admin/Index/top.html
INFO: [ app_init ] --START--
INFO: Run Behavior\BuildLiteBehavior [ RunTime:0.000026s ]
INFO: [ app_init ] --END-- [ RunTime:0.000698s ]
INFO: [ app_begin ] --START--
INFO: Run Behavior\ReadHtmlCacheBehavior [ RunTime:0.000816s ]
INFO: [ app_begin ] --END-- [ RunTime:0.000928s ]
INFO: [ view_parse ] --START--
INFO: [ template_filter ] --START--
INFO: Run Behavior\ContentReplaceBehavior [ RunTime:0.000074s ]
INFO: [ template_filter ] --END-- [ RunTime:0.000204s ]
INFO: Run Behavior\ParseTemplateBehavior [ RunTime:0.008974s ]
INFO: [ view_parse ] --END-- [ RunTime:0.009098s ]
INFO: [ view_filter ] --START--
INFO: Run Behavior\WriteHtmlCacheBehavior [ RunTime:0.000551s ]
INFO: [ view_filter ] --END-- [ RunTime:0.000650s ]
INFO: [ app_end ] --START--
INFO: Run Behavior\ShowPageTraceBehavior [ RunTime:0.000811s ]
INFO: [ app_end ] --END-- [ RunTime:0.000941s ]

[ 2016-12-13T15:45:35+08:00 ] ::1 /20160608--Exercise/shop/web/Admin/Index/left.html
INFO: [ app_init ] --START--
INFO: Run Behavior\BuildLiteBehavior [ RunTime:0.000028s ]
INFO: [ app_init ] --END-- [ RunTime:0.000725s ]
INFO: [ app_begin ] --START--
INFO: Run Behavior\ReadHtmlCacheBehavior [ RunTime:0.001480s ]
INFO: [ app_begin ] --END-- [ RunTime:0.001648s ]
INFO: [ view_parse ] --START--
INFO: [ template_filter ] --START--
INFO: Run Behavior\ContentReplaceBehavior [ RunTime:0.000067s ]
INFO: [ template_filter ] --END-- [ RunTime:0.000187s ]
INFO: Run Behavior\ParseTemplateBehavior [ RunTime:0.011099s ]
INFO: [ view_parse ] --END-- [ RunTime:0.011220s ]
INFO: [ view_filter ] --START--
INFO: Run Behavior\WriteHtmlCacheBehavior [ RunTime:0.000865s ]
INFO: [ view_filter ] --END-- [ RunTime:0.000966s ]
INFO: [ app_end ] --START--
INFO: Run Behavior\ShowPageTraceBehavior [ RunTime:0.001010s ]
INFO: [ app_end ] --END-- [ RunTime:0.001114s ]

[ 2016-12-13T15:45:35+08:00 ] ::1 /20160608--Exercise/shop/web/Admin/Index/drag.html
INFO: [ app_init ] --START--
INFO: Run Behavior\BuildLiteBehavior [ RunTime:0.000031s ]
INFO: [ app_init ] --END-- [ RunTime:0.000903s ]
INFO: [ app_begin ] --START--
INFO: Run Behavior\ReadHtmlCacheBehavior [ RunTime:0.001493s ]
INFO: [ app_begin ] --END-- [ RunTime:0.001619s ]
INFO: [ view_parse ] --START--
INFO: [ template_filter ] --START--
INFO: Run Behavior\ContentReplaceBehavior [ RunTime:0.000055s ]
INFO: [ template_filter ] --END-- [ RunTime:0.000191s ]
INFO: Run Behavior\ParseTemplateBehavior [ RunTime:0.009636s ]
INFO: [ view_parse ] --END-- [ RunTime:0.009770s ]
INFO: [ view_filter ] --START--
INFO: Run Behavior\WriteHtmlCacheBehavior [ RunTime:0.000652s ]
INFO: [ view_filter ] --END-- [ RunTime:0.000752s ]
INFO: [ app_end ] --START--
INFO: Run Behavior\ShowPageTraceBehavior [ RunTime:0.000917s ]
INFO: [ app_end ] --END-- [ RunTime:0.001027s ]

[ 2016-12-13T15:45:35+08:00 ] ::1 /20160608--Exercise/shop/web/Admin/Index/main.html
INFO: [ app_init ] --START--
INFO: Run Behavior\BuildLiteBehavior [ RunTime:0.000042s ]
INFO: [ app_init ] --END-- [ RunTime:0.000800s ]
INFO: [ app_begin ] --START--
INFO: Run Behavior\ReadHtmlCacheBehavior [ RunTime:0.000845s ]
INFO: [ app_begin ] --END-- [ RunTime:0.000961s ]
INFO: [ view_parse ] --START--
INFO: [ template_filter ] --START--
INFO: Run Behavior\ContentReplaceBehavior [ RunTime:0.000106s ]
INFO: [ template_filter ] --END-- [ RunTime:0.000302s ]
INFO: Run Behavior\ParseTemplateBehavior [ RunTime:0.011925s ]
INFO: [ view_parse ] --END-- [ RunTime:0.012156s ]
INFO: [ view_filter ] --START--
INFO: Run Behavior\WriteHtmlCacheBehavior [ RunTime:0.000864s ]
INFO: [ view_filter ] --END-- [ RunTime:0.001050s ]
INFO: [ app_end ] --START--
INFO: Run Behavior\ShowPageTraceBehavior [ RunTime:0.001102s ]
INFO: [ app_end ] --END-- [ RunTime:0.001293s ]

[ 2016-12-13T15:45:35+08:00 ] ::1 /20160608--Exercise/shop/web/Admin/Index/images/menu_arrow.gif
INFO: [ app_init ] --START--
INFO: Run Behavior\BuildLiteBehavior [ RunTime:0.000040s ]
INFO: [ app_init ] --END-- [ RunTime:0.000975s ]

[ 2016-12-13T15:45:35+08:00 ] ::1 /20160608--Exercise/shop/web/Admin/Index/images/menu_minus.gif
INFO: [ app_init ] --START--
INFO: Run Behavior\BuildLiteBehavior [ RunTime:0.000044s ]
INFO: [ app_init ] --END-- [ RunTime:0.001081s ]

